[2019-09-29 23:56:50.027] [exthost] [info] extension host started
[2019-09-29 23:56:50.034] [exthost] [info] ExtensionService#_doActivateExtension vscode.debug-auto-launch {"startup":true,"activationEvent":"*"}
[2019-09-29 23:56:50.034] [exthost] [info] ExtensionService#loadCommonJSModule file:///opt/visual-studio-code/resources/app/extensions/debug-auto-launch/dist/extension
[2019-09-29 23:56:50.036] [exthost] [info] ExtensionService#_doActivateExtension vscode.emmet {"startup":true,"activationEvent":"*"}
[2019-09-29 23:56:50.036] [exthost] [info] ExtensionService#loadCommonJSModule file:///opt/visual-studio-code/resources/app/extensions/emmet/dist/extension
[2019-09-29 23:56:50.064] [exthost] [info] ExtensionService#_doActivateExtension vscode.git {"startup":true,"activationEvent":"*"}
[2019-09-29 23:56:50.064] [exthost] [info] ExtensionService#loadCommonJSModule file:///opt/visual-studio-code/resources/app/extensions/git/dist/main
[2019-09-29 23:56:50.125] [exthost] [info] ExtensionService#_doActivateExtension vscode.merge-conflict {"startup":true,"activationEvent":"*"}
[2019-09-29 23:56:50.126] [exthost] [info] ExtensionService#loadCommonJSModule file:///opt/visual-studio-code/resources/app/extensions/merge-conflict/dist/extension
[2019-09-29 23:56:50.129] [exthost] [info] ExtensionService#_doActivateExtension vscode-icons-team.vscode-icons {"startup":true,"activationEvent":"*"}
[2019-09-29 23:56:50.129] [exthost] [info] ExtensionService#loadCommonJSModule file:///home/alex/.vscode/extensions/vscode-icons-team.vscode-icons-9.4.0/dist/src/vscode-icons.bundle.js
[2019-09-29 23:56:50.200] [exthost] [info] eager extensions activated
[2019-09-30 00:01:42.689] [exthost] [info] ExtensionService#_doActivateExtension alefragnani.project-manager {"startup":false,"activationEvent":"*"}
[2019-09-30 00:01:42.689] [exthost] [info] ExtensionService#loadCommonJSModule file:///home/alex/.vscode/extensions/alefragnani.project-manager-10.8.0/dist/extension
[2019-09-30 00:06:29.115] [exthost] [info] ExtensionService#_doActivateExtension ms-vscode.cpptools {"startup":false,"activationEvent":"onDebug"}
[2019-09-30 00:06:29.115] [exthost] [info] ExtensionService#loadCommonJSModule file:///home/alex/.vscode/extensions/ms-vscode.cpptools-0.25.1/dist/main
[2019-09-30 00:06:29.299] [exthost] [info] ExtensionService#_doActivateExtension ms-vscode.node-debug2 {"startup":false,"activationEvent":"onDebugInitialConfigurations"}
[2019-09-30 00:06:29.299] [exthost] [info] ExtensionService#loadCommonJSModule file:///opt/visual-studio-code/resources/app/extensions/ms-vscode.node-debug2/out/src/extension
[2019-09-30 00:06:29.301] [exthost] [info] ExtensionService#_doActivateExtension ms-vscode.node-debug {"startup":false,"activationEvent":"onDebugInitialConfigurations"}
[2019-09-30 00:06:29.301] [exthost] [info] ExtensionService#loadCommonJSModule file:///opt/visual-studio-code/resources/app/extensions/ms-vscode.node-debug/dist/extension.js
[2019-09-30 00:06:31.312] [exthost] [info] ExtensionService#_doActivateExtension vscode.debug-server-ready {"startup":false,"activationEvent":"onDebugResolve"}
[2019-09-30 00:06:31.312] [exthost] [info] ExtensionService#loadCommonJSModule file:///opt/visual-studio-code/resources/app/extensions/debug-server-ready/dist/extension
[2019-09-30 00:12:16.860] [exthost] [info] ExtensionService#_doActivateExtension HookyQR.beautify {"startup":false,"activationEvent":"*"}
[2019-09-30 00:12:16.860] [exthost] [info] ExtensionService#loadCommonJSModule file:///home/alex/.vscode/extensions/hookyqr.beautify-1.5.0/extension
[2019-09-30 00:19:39.536] [exthost] [info] ExtensionService#_doActivateExtension formulahendry.code-runner {"startup":false,"activationEvent":"onCommand:code-runner.run"}
[2019-09-30 00:19:39.536] [exthost] [info] ExtensionService#loadCommonJSModule file:///home/alex/.vscode/extensions/formulahendry.code-runner-0.9.14/out/src/extension
[2019-09-30 00:20:32.197] [exthost] [info] ExtensionService#_doActivateExtension vscode.python {"startup":false,"activationEvent":"onLanguage:python"}
[2019-09-30 00:20:32.197] [exthost] [info] ExtensionService#loadCommonJSModule file:///opt/visual-studio-code/resources/app/extensions/python/dist/pythonMain
[2019-09-30 00:20:32.200] [exthost] [info] ExtensionService#_doActivateExtension ms-python.python {"startup":false,"activationEvent":"onLanguage:python"}
[2019-09-30 00:20:32.200] [exthost] [info] ExtensionService#loadCommonJSModule file:///home/alex/.vscode/extensions/ms-python.python-2019.9.34911/out/client/extension
