User belongs to experiment group 'ShowPlayIcon - start'
User belongs to experiment group 'DebugAdapterFactory - control'
User belongs to experiment group 'AA_testing - control'
> conda --version
> pyenv root
> python3.7 -c "import sys;print(sys.executable)"
> python3.6 -c "import sys;print(sys.executable)"
> python3 -c "import sys;print(sys.executable)"
> python2 -c "import sys;print(sys.executable)"
> python -c "import sys;print(sys.executable)"
> python -c "import sys;print(sys.executable)"
> conda info --json
> /usr/bin/python ~/.vscode/extensions/ms-python.python-2019.9.34911/pythonFiles/interpreterInfo.py
> /usr/bin/python ~/.vscode/extensions/ms-python.python-2019.9.34911/pythonFiles/interpreterInfo.py
> /usr/bin/python2 ~/.vscode/extensions/ms-python.python-2019.9.34911/pythonFiles/interpreterInfo.py
> /usr/bin/python2 ~/.vscode/extensions/ms-python.python-2019.9.34911/pythonFiles/interpreterInfo.py
> /usr/bin/python2.7 ~/.vscode/extensions/ms-python.python-2019.9.34911/pythonFiles/interpreterInfo.py
> /usr/bin/python2.7 ~/.vscode/extensions/ms-python.python-2019.9.34911/pythonFiles/interpreterInfo.py
> /usr/bin/python3 ~/.vscode/extensions/ms-python.python-2019.9.34911/pythonFiles/interpreterInfo.py
> /usr/bin/python3 ~/.vscode/extensions/ms-python.python-2019.9.34911/pythonFiles/interpreterInfo.py
> /usr/bin/python3.7 ~/.vscode/extensions/ms-python.python-2019.9.34911/pythonFiles/interpreterInfo.py
> /usr/bin/python3.7 ~/.vscode/extensions/ms-python.python-2019.9.34911/pythonFiles/interpreterInfo.py
> /usr/bin/python ~/.vscode/extensions/ms-python.python-2019.9.34911/pythonFiles/interpreterInfo.py
> /usr/bin/python ~/.vscode/extensions/ms-python.python-2019.9.34911/pythonFiles/interpreterInfo.py
> /usr/bin/python2 ~/.vscode/extensions/ms-python.python-2019.9.34911/pythonFiles/interpreterInfo.py
> /usr/bin/python2 ~/.vscode/extensions/ms-python.python-2019.9.34911/pythonFiles/interpreterInfo.py
> /usr/bin/python3 ~/.vscode/extensions/ms-python.python-2019.9.34911/pythonFiles/interpreterInfo.py
> /usr/bin/python3 ~/.vscode/extensions/ms-python.python-2019.9.34911/pythonFiles/interpreterInfo.py
> /usr/bin/python3.7 ~/.vscode/extensions/ms-python.python-2019.9.34911/pythonFiles/interpreterInfo.py
> /usr/bin/python3.7 ~/.vscode/extensions/ms-python.python-2019.9.34911/pythonFiles/interpreterInfo.py
> /usr/bin/python2.7 ~/.vscode/extensions/ms-python.python-2019.9.34911/pythonFiles/interpreterInfo.py
> /usr/bin/python2.7 ~/.vscode/extensions/ms-python.python-2019.9.34911/pythonFiles/interpreterInfo.py
> /bin/python ~/.vscode/extensions/ms-python.python-2019.9.34911/pythonFiles/interpreterInfo.py
> /bin/python ~/.vscode/extensions/ms-python.python-2019.9.34911/pythonFiles/interpreterInfo.py
> /bin/python2 ~/.vscode/extensions/ms-python.python-2019.9.34911/pythonFiles/interpreterInfo.py
> /bin/python2 ~/.vscode/extensions/ms-python.python-2019.9.34911/pythonFiles/interpreterInfo.py
> /bin/python3 ~/.vscode/extensions/ms-python.python-2019.9.34911/pythonFiles/interpreterInfo.py
> /bin/python3 ~/.vscode/extensions/ms-python.python-2019.9.34911/pythonFiles/interpreterInfo.py
> /bin/python2.7 ~/.vscode/extensions/ms-python.python-2019.9.34911/pythonFiles/interpreterInfo.py
> /bin/python2.7 ~/.vscode/extensions/ms-python.python-2019.9.34911/pythonFiles/interpreterInfo.py
> /bin/python3.7 ~/.vscode/extensions/ms-python.python-2019.9.34911/pythonFiles/interpreterInfo.py
> /bin/python3.7 ~/.vscode/extensions/ms-python.python-2019.9.34911/pythonFiles/interpreterInfo.py
> /usr/sbin/python ~/.vscode/extensions/ms-python.python-2019.9.34911/pythonFiles/interpreterInfo.py
> /usr/sbin/python ~/.vscode/extensions/ms-python.python-2019.9.34911/pythonFiles/interpreterInfo.py
> /usr/sbin/python2 ~/.vscode/extensions/ms-python.python-2019.9.34911/pythonFiles/interpreterInfo.py
> /usr/sbin/python2 ~/.vscode/extensions/ms-python.python-2019.9.34911/pythonFiles/interpreterInfo.py
> /usr/sbin/python2.7 ~/.vscode/extensions/ms-python.python-2019.9.34911/pythonFiles/interpreterInfo.py
> /usr/sbin/python2.7 ~/.vscode/extensions/ms-python.python-2019.9.34911/pythonFiles/interpreterInfo.py
> /usr/sbin/python3 ~/.vscode/extensions/ms-python.python-2019.9.34911/pythonFiles/interpreterInfo.py
> /usr/sbin/python3 ~/.vscode/extensions/ms-python.python-2019.9.34911/pythonFiles/interpreterInfo.py
> /usr/sbin/python3.7 ~/.vscode/extensions/ms-python.python-2019.9.34911/pythonFiles/interpreterInfo.py
> /usr/sbin/python3.7 ~/.vscode/extensions/ms-python.python-2019.9.34911/pythonFiles/interpreterInfo.py
> /sbin/python ~/.vscode/extensions/ms-python.python-2019.9.34911/pythonFiles/interpreterInfo.py
> /sbin/python ~/.vscode/extensions/ms-python.python-2019.9.34911/pythonFiles/interpreterInfo.py
> /sbin/python2 ~/.vscode/extensions/ms-python.python-2019.9.34911/pythonFiles/interpreterInfo.py
> /sbin/python2 ~/.vscode/extensions/ms-python.python-2019.9.34911/pythonFiles/interpreterInfo.py
> /sbin/python2.7 ~/.vscode/extensions/ms-python.python-2019.9.34911/pythonFiles/interpreterInfo.py
> /sbin/python2.7 ~/.vscode/extensions/ms-python.python-2019.9.34911/pythonFiles/interpreterInfo.py
> /sbin/python3 ~/.vscode/extensions/ms-python.python-2019.9.34911/pythonFiles/interpreterInfo.py
> /sbin/python3 ~/.vscode/extensions/ms-python.python-2019.9.34911/pythonFiles/interpreterInfo.py
> /sbin/python3.7 ~/.vscode/extensions/ms-python.python-2019.9.34911/pythonFiles/interpreterInfo.py
> /sbin/python3.7 ~/.vscode/extensions/ms-python.python-2019.9.34911/pythonFiles/interpreterInfo.py
Starting Jedi Python language engine.
> conda info --json
> conda --version
> /usr/bin/python -c "import sys;print(sys.prefix)"
cwd: ~/.vscode/extensions/ms-python.python-2019.9.34911/out/client
> /usr/bin/python -c "import sys;print(sys.prefix)"
cwd: ~/.vscode/extensions/ms-python.python-2019.9.34911/out/client
> /usr/bin/python -c "import sys;print(sys.executable)"
cwd: ~/.vscode/extensions/ms-python.python-2019.9.34911/out/client
> /usr/bin/python -c "import sys;print(sys.executable)"
cwd: ~/.vscode/extensions/ms-python.python-2019.9.34911/out/client
> /usr/bin/python -c "from distutils.sysconfig import get_python_lib; print(get_python_lib())"
cwd: ~/.vscode/extensions/ms-python.python-2019.9.34911/out/client
> /usr/bin/python -c "from distutils.sysconfig import get_python_lib; print(get_python_lib())"
cwd: ~/.vscode/extensions/ms-python.python-2019.9.34911/out/client
> /usr/bin/python -m site --user-site
cwd: ~/.vscode/extensions/ms-python.python-2019.9.34911/out/client
> /usr/bin/python -m site --user-site
cwd: ~/.vscode/extensions/ms-python.python-2019.9.34911/out/client
> /usr/bin/python completion.py
cwd: ~/.vscode/extensions/ms-python.python-2019.9.34911/pythonFiles
> /usr/bin/python completion.py
cwd: ~/.vscode/extensions/ms-python.python-2019.9.34911/pythonFiles
