[2019-10-05 12:04:53.541] [exthost] [info] extension host started
[2019-10-05 12:04:53.560] [exthost] [info] ExtensionService#_doActivateExtension vscode.debug-auto-launch {"startup":true,"activationEvent":"*"}
[2019-10-05 12:04:53.561] [exthost] [info] ExtensionService#loadCommonJSModule file:///opt/visual-studio-code/resources/app/extensions/debug-auto-launch/dist/extension
[2019-10-05 12:04:53.564] [exthost] [info] ExtensionService#_doActivateExtension vscode.emmet {"startup":true,"activationEvent":"*"}
[2019-10-05 12:04:53.565] [exthost] [info] ExtensionService#loadCommonJSModule file:///opt/visual-studio-code/resources/app/extensions/emmet/dist/extension
[2019-10-05 12:04:53.626] [exthost] [info] ExtensionService#_doActivateExtension vscode.git {"startup":true,"activationEvent":"*"}
[2019-10-05 12:04:53.626] [exthost] [info] ExtensionService#loadCommonJSModule file:///opt/visual-studio-code/resources/app/extensions/git/dist/main
[2019-10-05 12:04:53.721] [exthost] [info] ExtensionService#_doActivateExtension vscode.merge-conflict {"startup":true,"activationEvent":"*"}
[2019-10-05 12:04:53.721] [exthost] [info] ExtensionService#loadCommonJSModule file:///opt/visual-studio-code/resources/app/extensions/merge-conflict/dist/extension
[2019-10-05 12:04:53.725] [exthost] [info] ExtensionService#_doActivateExtension alefragnani.project-manager {"startup":true,"activationEvent":"*"}
[2019-10-05 12:04:53.725] [exthost] [info] ExtensionService#loadCommonJSModule file:///home/alex/.vscode/extensions/alefragnani.project-manager-10.8.0/dist/extension
[2019-10-05 12:04:53.732] [exthost] [info] ExtensionService#_doActivateExtension HookyQR.beautify {"startup":true,"activationEvent":"*"}
[2019-10-05 12:04:53.733] [exthost] [info] ExtensionService#loadCommonJSModule file:///home/alex/.vscode/extensions/hookyqr.beautify-1.5.0/extension
[2019-10-05 12:04:53.763] [exthost] [info] ExtensionService#_doActivateExtension vscode-icons-team.vscode-icons {"startup":true,"activationEvent":"*"}
[2019-10-05 12:04:53.763] [exthost] [info] ExtensionService#loadCommonJSModule file:///home/alex/.vscode/extensions/vscode-icons-team.vscode-icons-9.4.0/dist/src/vscode-icons.bundle.js
[2019-10-05 12:04:53.863] [exthost] [info] eager extensions activated
[2019-10-05 12:20:14.448] [exthost] [info] ExtensionService#_doActivateExtension streetsidesoftware.code-spell-checker {"startup":false,"activationEvent":"*"}
[2019-10-05 12:20:14.448] [exthost] [info] ExtensionService#loadCommonJSModule file:///home/alex/.vscode/extensions/streetsidesoftware.code-spell-checker-1.7.18/dist/extension
[2019-10-05 12:20:37.128] [exthost] [info] ExtensionService#_doActivateExtension spywhere.guides {"startup":false,"activationEvent":"*"}
[2019-10-05 12:20:37.128] [exthost] [info] ExtensionService#loadCommonJSModule file:///home/alex/.vscode/extensions/spywhere.guides-0.9.3/out/extension
[2019-10-05 12:21:06.301] [exthost] [info] ExtensionService#_doActivateExtension Shan.code-settings-sync {"startup":false,"activationEvent":"*"}
[2019-10-05 12:21:06.302] [exthost] [info] ExtensionService#loadCommonJSModule file:///home/alex/.vscode/extensions/shan.code-settings-sync-3.4.3/out/extension.js
[2019-10-05 12:22:11.964] [exthost] [info] ExtensionService#_doActivateExtension OBKoro1.korofileheader {"startup":false,"activationEvent":"*"}
[2019-10-05 12:22:11.965] [exthost] [info] ExtensionService#loadCommonJSModule file:///home/alex/.vscode/extensions/obkoro1.korofileheader-4.1.4/src/koroFileHead.js
[2019-10-05 12:22:47.304] [exthost] [info] ExtensionService#_doActivateExtension ms-vscode.cpptools {"startup":false,"activationEvent":"onDebug"}
[2019-10-05 12:22:47.304] [exthost] [info] ExtensionService#loadCommonJSModule file:///home/alex/.vscode/extensions/ms-vscode.cpptools-0.25.1/dist/main
[2019-10-05 12:22:48.063] [exthost] [info] ExtensionService#_doActivateExtension ms-vscode.node-debug2 {"startup":false,"activationEvent":"onDebugInitialConfigurations"}
[2019-10-05 12:22:48.063] [exthost] [info] ExtensionService#loadCommonJSModule file:///opt/visual-studio-code/resources/app/extensions/ms-vscode.node-debug2/out/src/extension
[2019-10-05 12:22:48.084] [exthost] [info] ExtensionService#_doActivateExtension ms-vscode.node-debug {"startup":false,"activationEvent":"onDebugInitialConfigurations"}
[2019-10-05 12:22:48.084] [exthost] [info] ExtensionService#loadCommonJSModule file:///opt/visual-studio-code/resources/app/extensions/ms-vscode.node-debug/dist/extension.js
[2019-10-05 12:22:50.454] [exthost] [info] ExtensionService#_doActivateExtension vscode.debug-server-ready {"startup":false,"activationEvent":"onDebugResolve"}
[2019-10-05 12:22:50.454] [exthost] [info] ExtensionService#loadCommonJSModule file:///opt/visual-studio-code/resources/app/extensions/debug-server-ready/dist/extension
