[2019-10-08 20:47:52.219] [exthost] [info] extension host started
[2019-10-08 20:47:52.236] [exthost] [info] ExtensionService#_doActivateExtension vscode.debug-auto-launch {"startup":true,"activationEvent":"*"}
[2019-10-08 20:47:52.236] [exthost] [info] ExtensionService#loadCommonJSModule file:///opt/visual-studio-code/resources/app/extensions/debug-auto-launch/dist/extension
[2019-10-08 20:47:52.240] [exthost] [info] ExtensionService#_doActivateExtension vscode.emmet {"startup":true,"activationEvent":"*"}
[2019-10-08 20:47:52.240] [exthost] [info] ExtensionService#loadCommonJSModule file:///opt/visual-studio-code/resources/app/extensions/emmet/dist/extension
[2019-10-08 20:47:52.271] [exthost] [info] ExtensionService#_doActivateExtension vscode.git {"startup":true,"activationEvent":"*"}
[2019-10-08 20:47:52.271] [exthost] [info] ExtensionService#loadCommonJSModule file:///opt/visual-studio-code/resources/app/extensions/git/dist/main
[2019-10-08 20:47:52.359] [exthost] [info] ExtensionService#_doActivateExtension vscode.merge-conflict {"startup":true,"activationEvent":"*"}
[2019-10-08 20:47:52.359] [exthost] [info] ExtensionService#loadCommonJSModule file:///opt/visual-studio-code/resources/app/extensions/merge-conflict/dist/extension
[2019-10-08 20:47:52.365] [exthost] [info] ExtensionService#_doActivateExtension alefragnani.project-manager {"startup":true,"activationEvent":"*"}
[2019-10-08 20:47:52.365] [exthost] [info] ExtensionService#loadCommonJSModule file:///home/alex/.vscode/extensions/alefragnani.project-manager-10.8.0/dist/extension
[2019-10-08 20:47:52.386] [exthost] [info] ExtensionService#_doActivateExtension HookyQR.beautify {"startup":true,"activationEvent":"*"}
[2019-10-08 20:47:52.386] [exthost] [info] ExtensionService#loadCommonJSModule file:///home/alex/.vscode/extensions/hookyqr.beautify-1.5.0/extension
[2019-10-08 20:47:52.430] [exthost] [info] ExtensionService#_doActivateExtension OBKoro1.korofileheader {"startup":true,"activationEvent":"*"}
[2019-10-08 20:47:52.431] [exthost] [info] ExtensionService#loadCommonJSModule file:///home/alex/.vscode/extensions/obkoro1.korofileheader-4.1.4/src/koroFileHead.js
[2019-10-08 20:47:52.446] [exthost] [info] ExtensionService#_doActivateExtension Shan.code-settings-sync {"startup":true,"activationEvent":"*"}
[2019-10-08 20:47:52.446] [exthost] [info] ExtensionService#loadCommonJSModule file:///home/alex/.vscode/extensions/shan.code-settings-sync-3.4.3/out/extension.js
[2019-10-08 20:47:52.612] [exthost] [info] ExtensionService#_doActivateExtension spywhere.guides {"startup":true,"activationEvent":"*"}
[2019-10-08 20:47:52.612] [exthost] [info] ExtensionService#loadCommonJSModule file:///home/alex/.vscode/extensions/spywhere.guides-0.9.3/out/extension
[2019-10-08 20:47:52.760] [exthost] [info] ExtensionService#_doActivateExtension streetsidesoftware.code-spell-checker {"startup":true,"activationEvent":"*"}
[2019-10-08 20:47:52.760] [exthost] [info] ExtensionService#loadCommonJSModule file:///home/alex/.vscode/extensions/streetsidesoftware.code-spell-checker-1.7.18/dist/extension
[2019-10-08 20:47:52.815] [exthost] [info] ExtensionService#_doActivateExtension vscode-icons-team.vscode-icons {"startup":true,"activationEvent":"*"}
[2019-10-08 20:47:52.815] [exthost] [info] ExtensionService#loadCommonJSModule file:///home/alex/.vscode/extensions/vscode-icons-team.vscode-icons-9.4.0/dist/src/vscode-icons.bundle.js
[2019-10-08 20:47:52.904] [exthost] [info] eager extensions activated
