[2019-09-29 23:51:23.406] [renderer1] [error] Invalid grid element: Error: Invalid grid element
    at u (file:///opt/visual-studio-code/resources/app/out/vs/workbench/workbench.desktop.main.js:501:429)
    at u (file:///opt/visual-studio-code/resources/app/out/vs/workbench/workbench.desktop.main.js:501:725)
    at b.getViewLocation (file:///opt/visual-studio-code/resources/app/out/vs/workbench/workbench.desktop.main.js:507:259)
    at b.getViewSize (file:///opt/visual-studio-code/resources/app/out/vs/workbench/workbench.desktop.main.js:505:829)
    at e.doRestoreGroup (file:///opt/visual-studio-code/resources/app/out/vs/workbench/workbench.desktop.main.js:5376:998)
    at e.restoreGroup (file:///opt/visual-studio-code/resources/app/out/vs/workbench/workbench.desktop.main.js:5374:61)
    at e.doOpenEditor (file:///opt/visual-studio-code/resources/app/out/vs/workbench/workbench.desktop.main.js:5359:257)
    at e.<anonymous> (file:///opt/visual-studio-code/resources/app/out/vs/workbench/workbench.desktop.main.js:5358:530)
    at Generator.next (<anonymous>)
    at file:///opt/visual-studio-code/resources/app/out/vs/workbench/workbench.desktop.main.js:35:566
    at new Promise (<anonymous>)
    at n (file:///opt/visual-studio-code/resources/app/out/vs/workbench/workbench.desktop.main.js:35:343)
    at e.openEditor (file:///opt/visual-studio-code/resources/app/out/vs/workbench/workbench.desktop.main.js:5358:327)
    at e.<anonymous> (file:///opt/visual-studio-code/resources/app/out/vs/workbench/workbench.desktop.main.js:4759:942)
    at Generator.next (<anonymous>)
    at file:///opt/visual-studio-code/resources/app/out/vs/workbench/workbench.desktop.main.js:35:566
    at new Promise (<anonymous>)
    at n (file:///opt/visual-studio-code/resources/app/out/vs/workbench/workbench.desktop.main.js:35:343)
    at e.doOpenEditor (file:///opt/visual-studio-code/resources/app/out/vs/workbench/workbench.desktop.main.js:4759:872)
    at e.<anonymous> (file:///opt/visual-studio-code/resources/app/out/vs/workbench/workbench.desktop.main.js:4759:823)
    at Generator.next (<anonymous>)
    at file:///opt/visual-studio-code/resources/app/out/vs/workbench/workbench.desktop.main.js:35:566
    at new Promise (<anonymous>)
    at n (file:///opt/visual-studio-code/resources/app/out/vs/workbench/workbench.desktop.main.js:35:343)
    at e.openEditor (file:///opt/visual-studio-code/resources/app/out/vs/workbench/workbench.desktop.main.js:4759:387)
    at e.openEditor (file:///opt/visual-studio-code/resources/app/out/vs/workbench/workbench.desktop.main.js:5669:639)
    at _register.list.onDidOpen.e (file:///opt/visual-studio-code/resources/app/out/vs/workbench/workbench.desktop.main.js:5668:259)
    at d.fire (file:///opt/visual-studio-code/resources/app/out/vs/workbench/workbench.desktop.main.js:107:468)
    at z.open (file:///opt/visual-studio-code/resources/app/out/vs/workbench/workbench.desktop.main.js:870:859)
    at F.onPointer (file:///opt/visual-studio-code/resources/app/out/vs/workbench/workbench.desktop.main.js:855:396)
    at d.fire (file:///opt/visual-studio-code/resources/app/out/vs/workbench/workbench.desktop.main.js:107:488)
    at e (file:///opt/visual-studio-code/resources/app/out/vs/workbench/workbench.desktop.main.js:103:31)
    at d.fire (file:///opt/visual-studio-code/resources/app/out/vs/workbench/workbench.desktop.main.js:107:468)
    at HTMLDivElement.s (file:///opt/visual-studio-code/resources/app/out/vs/workbench/workbench.desktop.main.js:113:39)
[2019-09-29 23:51:24.699] [renderer1] [error] Invalid grid element: Error: Invalid grid element
    at u (file:///opt/visual-studio-code/resources/app/out/vs/workbench/workbench.desktop.main.js:501:429)
    at u (file:///opt/visual-studio-code/resources/app/out/vs/workbench/workbench.desktop.main.js:501:725)
    at b.getViewLocation (file:///opt/visual-studio-code/resources/app/out/vs/workbench/workbench.desktop.main.js:507:259)
    at b.getViewSize (file:///opt/visual-studio-code/resources/app/out/vs/workbench/workbench.desktop.main.js:505:829)
    at e.doRestoreGroup (file:///opt/visual-studio-code/resources/app/out/vs/workbench/workbench.desktop.main.js:5376:998)
    at e.restoreGroup (file:///opt/visual-studio-code/resources/app/out/vs/workbench/workbench.desktop.main.js:5374:61)
    at e.doOpenEditor (file:///opt/visual-studio-code/resources/app/out/vs/workbench/workbench.desktop.main.js:5359:257)
    at e.<anonymous> (file:///opt/visual-studio-code/resources/app/out/vs/workbench/workbench.desktop.main.js:5358:530)
    at Generator.next (<anonymous>)
    at file:///opt/visual-studio-code/resources/app/out/vs/workbench/workbench.desktop.main.js:35:566
    at new Promise (<anonymous>)
    at n (file:///opt/visual-studio-code/resources/app/out/vs/workbench/workbench.desktop.main.js:35:343)
    at e.openEditor (file:///opt/visual-studio-code/resources/app/out/vs/workbench/workbench.desktop.main.js:5358:327)
    at e.<anonymous> (file:///opt/visual-studio-code/resources/app/out/vs/workbench/workbench.desktop.main.js:4759:942)
    at Generator.next (<anonymous>)
    at file:///opt/visual-studio-code/resources/app/out/vs/workbench/workbench.desktop.main.js:35:566
    at new Promise (<anonymous>)
    at n (file:///opt/visual-studio-code/resources/app/out/vs/workbench/workbench.desktop.main.js:35:343)
    at e.doOpenEditor (file:///opt/visual-studio-code/resources/app/out/vs/workbench/workbench.desktop.main.js:4759:872)
    at e.<anonymous> (file:///opt/visual-studio-code/resources/app/out/vs/workbench/workbench.desktop.main.js:4759:823)
    at Generator.next (<anonymous>)
    at file:///opt/visual-studio-code/resources/app/out/vs/workbench/workbench.desktop.main.js:35:566
    at new Promise (<anonymous>)
    at n (file:///opt/visual-studio-code/resources/app/out/vs/workbench/workbench.desktop.main.js:35:343)
    at e.openEditor (file:///opt/visual-studio-code/resources/app/out/vs/workbench/workbench.desktop.main.js:4759:387)
    at e.openEditor (file:///opt/visual-studio-code/resources/app/out/vs/workbench/workbench.desktop.main.js:5669:639)
    at _register.list.onDidOpen.e (file:///opt/visual-studio-code/resources/app/out/vs/workbench/workbench.desktop.main.js:5668:259)
    at d.fire (file:///opt/visual-studio-code/resources/app/out/vs/workbench/workbench.desktop.main.js:107:468)
    at z.open (file:///opt/visual-studio-code/resources/app/out/vs/workbench/workbench.desktop.main.js:870:859)
    at F.onPointer (file:///opt/visual-studio-code/resources/app/out/vs/workbench/workbench.desktop.main.js:855:396)
    at d.fire (file:///opt/visual-studio-code/resources/app/out/vs/workbench/workbench.desktop.main.js:107:488)
    at e (file:///opt/visual-studio-code/resources/app/out/vs/workbench/workbench.desktop.main.js:103:31)
    at d.fire (file:///opt/visual-studio-code/resources/app/out/vs/workbench/workbench.desktop.main.js:107:468)
    at HTMLDivElement.s (file:///opt/visual-studio-code/resources/app/out/vs/workbench/workbench.desktop.main.js:113:39)
[2019-09-29 23:51:26.630] [renderer1] [error] Invalid grid element: Error: Invalid grid element
    at u (file:///opt/visual-studio-code/resources/app/out/vs/workbench/workbench.desktop.main.js:501:429)
    at u (file:///opt/visual-studio-code/resources/app/out/vs/workbench/workbench.desktop.main.js:501:725)
    at b.getViewLocation (file:///opt/visual-studio-code/resources/app/out/vs/workbench/workbench.desktop.main.js:507:259)
    at b.getViewSize (file:///opt/visual-studio-code/resources/app/out/vs/workbench/workbench.desktop.main.js:505:829)
    at e.doRestoreGroup (file:///opt/visual-studio-code/resources/app/out/vs/workbench/workbench.desktop.main.js:5376:998)
    at e.restoreGroup (file:///opt/visual-studio-code/resources/app/out/vs/workbench/workbench.desktop.main.js:5374:61)
    at e.doOpenEditor (file:///opt/visual-studio-code/resources/app/out/vs/workbench/workbench.desktop.main.js:5359:257)
    at e.<anonymous> (file:///opt/visual-studio-code/resources/app/out/vs/workbench/workbench.desktop.main.js:5358:530)
    at Generator.next (<anonymous>)
    at file:///opt/visual-studio-code/resources/app/out/vs/workbench/workbench.desktop.main.js:35:566
    at new Promise (<anonymous>)
    at n (file:///opt/visual-studio-code/resources/app/out/vs/workbench/workbench.desktop.main.js:35:343)
    at e.openEditor (file:///opt/visual-studio-code/resources/app/out/vs/workbench/workbench.desktop.main.js:5358:327)
    at e.<anonymous> (file:///opt/visual-studio-code/resources/app/out/vs/workbench/workbench.desktop.main.js:4759:942)
    at Generator.next (<anonymous>)
    at file:///opt/visual-studio-code/resources/app/out/vs/workbench/workbench.desktop.main.js:35:566
    at new Promise (<anonymous>)
    at n (file:///opt/visual-studio-code/resources/app/out/vs/workbench/workbench.desktop.main.js:35:343)
    at e.doOpenEditor (file:///opt/visual-studio-code/resources/app/out/vs/workbench/workbench.desktop.main.js:4759:872)
    at e.<anonymous> (file:///opt/visual-studio-code/resources/app/out/vs/workbench/workbench.desktop.main.js:4759:823)
    at Generator.next (<anonymous>)
    at file:///opt/visual-studio-code/resources/app/out/vs/workbench/workbench.desktop.main.js:35:566
    at new Promise (<anonymous>)
    at n (file:///opt/visual-studio-code/resources/app/out/vs/workbench/workbench.desktop.main.js:35:343)
    at e.openEditor (file:///opt/visual-studio-code/resources/app/out/vs/workbench/workbench.desktop.main.js:4759:387)
    at e.openEditor (file:///opt/visual-studio-code/resources/app/out/vs/workbench/workbench.desktop.main.js:5669:639)
    at _register.list.onDidOpen.e (file:///opt/visual-studio-code/resources/app/out/vs/workbench/workbench.desktop.main.js:5668:259)
    at d.fire (file:///opt/visual-studio-code/resources/app/out/vs/workbench/workbench.desktop.main.js:107:468)
    at z.open (file:///opt/visual-studio-code/resources/app/out/vs/workbench/workbench.desktop.main.js:870:859)
    at F.onPointer (file:///opt/visual-studio-code/resources/app/out/vs/workbench/workbench.desktop.main.js:855:396)
    at d.fire (file:///opt/visual-studio-code/resources/app/out/vs/workbench/workbench.desktop.main.js:107:488)
    at e (file:///opt/visual-studio-code/resources/app/out/vs/workbench/workbench.desktop.main.js:103:31)
    at d.fire (file:///opt/visual-studio-code/resources/app/out/vs/workbench/workbench.desktop.main.js:107:468)
    at HTMLDivElement.s (file:///opt/visual-studio-code/resources/app/out/vs/workbench/workbench.desktop.main.js:113:39)
[2019-09-29 23:55:35.638] [renderer1] [error] Invalid grid element: Error: Invalid grid element
    at u (file:///opt/visual-studio-code/resources/app/out/vs/workbench/workbench.desktop.main.js:501:429)
    at u (file:///opt/visual-studio-code/resources/app/out/vs/workbench/workbench.desktop.main.js:501:725)
    at b.getViewLocation (file:///opt/visual-studio-code/resources/app/out/vs/workbench/workbench.desktop.main.js:507:259)
    at b.getViewSize (file:///opt/visual-studio-code/resources/app/out/vs/workbench/workbench.desktop.main.js:505:829)
    at e.doRestoreGroup (file:///opt/visual-studio-code/resources/app/out/vs/workbench/workbench.desktop.main.js:5376:998)
    at e.restoreGroup (file:///opt/visual-studio-code/resources/app/out/vs/workbench/workbench.desktop.main.js:5374:61)
    at e.doOpenEditor (file:///opt/visual-studio-code/resources/app/out/vs/workbench/workbench.desktop.main.js:5359:257)
    at e.<anonymous> (file:///opt/visual-studio-code/resources/app/out/vs/workbench/workbench.desktop.main.js:5358:530)
    at Generator.next (<anonymous>)
    at file:///opt/visual-studio-code/resources/app/out/vs/workbench/workbench.desktop.main.js:35:566
    at new Promise (<anonymous>)
    at n (file:///opt/visual-studio-code/resources/app/out/vs/workbench/workbench.desktop.main.js:35:343)
    at e.openEditor (file:///opt/visual-studio-code/resources/app/out/vs/workbench/workbench.desktop.main.js:5358:327)
    at e.<anonymous> (file:///opt/visual-studio-code/resources/app/out/vs/workbench/workbench.desktop.main.js:4759:942)
    at Generator.next (<anonymous>)
    at file:///opt/visual-studio-code/resources/app/out/vs/workbench/workbench.desktop.main.js:35:566
    at new Promise (<anonymous>)
    at n (file:///opt/visual-studio-code/resources/app/out/vs/workbench/workbench.desktop.main.js:35:343)
    at e.doOpenEditor (file:///opt/visual-studio-code/resources/app/out/vs/workbench/workbench.desktop.main.js:4759:872)
    at e.<anonymous> (file:///opt/visual-studio-code/resources/app/out/vs/workbench/workbench.desktop.main.js:4759:823)
    at Generator.next (<anonymous>)
    at file:///opt/visual-studio-code/resources/app/out/vs/workbench/workbench.desktop.main.js:35:566
    at new Promise (<anonymous>)
    at n (file:///opt/visual-studio-code/resources/app/out/vs/workbench/workbench.desktop.main.js:35:343)
    at e.openEditor (file:///opt/visual-studio-code/resources/app/out/vs/workbench/workbench.desktop.main.js:4759:387)
    at e.openEditor (file:///opt/visual-studio-code/resources/app/out/vs/workbench/workbench.desktop.main.js:5669:639)
    at _register.list.onDidOpen.e (file:///opt/visual-studio-code/resources/app/out/vs/workbench/workbench.desktop.main.js:5668:259)
    at d.fire (file:///opt/visual-studio-code/resources/app/out/vs/workbench/workbench.desktop.main.js:107:468)
    at z.open (file:///opt/visual-studio-code/resources/app/out/vs/workbench/workbench.desktop.main.js:870:859)
    at F.onPointer (file:///opt/visual-studio-code/resources/app/out/vs/workbench/workbench.desktop.main.js:855:396)
    at d.fire (file:///opt/visual-studio-code/resources/app/out/vs/workbench/workbench.desktop.main.js:107:488)
    at e (file:///opt/visual-studio-code/resources/app/out/vs/workbench/workbench.desktop.main.js:103:31)
    at d.fire (file:///opt/visual-studio-code/resources/app/out/vs/workbench/workbench.desktop.main.js:107:468)
    at HTMLDivElement.s (file:///opt/visual-studio-code/resources/app/out/vs/workbench/workbench.desktop.main.js:113:39)
[2019-09-29 23:55:38.885] [renderer1] [error] Invalid grid element: Error: Invalid grid element
    at u (file:///opt/visual-studio-code/resources/app/out/vs/workbench/workbench.desktop.main.js:501:429)
    at u (file:///opt/visual-studio-code/resources/app/out/vs/workbench/workbench.desktop.main.js:501:725)
    at b.getViewLocation (file:///opt/visual-studio-code/resources/app/out/vs/workbench/workbench.desktop.main.js:507:259)
    at b.getViewSize (file:///opt/visual-studio-code/resources/app/out/vs/workbench/workbench.desktop.main.js:505:829)
    at e.doRestoreGroup (file:///opt/visual-studio-code/resources/app/out/vs/workbench/workbench.desktop.main.js:5376:998)
    at e.restoreGroup (file:///opt/visual-studio-code/resources/app/out/vs/workbench/workbench.desktop.main.js:5374:61)
    at e.doOpenEditor (file:///opt/visual-studio-code/resources/app/out/vs/workbench/workbench.desktop.main.js:5359:257)
    at e.<anonymous> (file:///opt/visual-studio-code/resources/app/out/vs/workbench/workbench.desktop.main.js:5358:530)
    at Generator.next (<anonymous>)
    at file:///opt/visual-studio-code/resources/app/out/vs/workbench/workbench.desktop.main.js:35:566
    at new Promise (<anonymous>)
    at n (file:///opt/visual-studio-code/resources/app/out/vs/workbench/workbench.desktop.main.js:35:343)
    at e.openEditor (file:///opt/visual-studio-code/resources/app/out/vs/workbench/workbench.desktop.main.js:5358:327)
    at e.<anonymous> (file:///opt/visual-studio-code/resources/app/out/vs/workbench/workbench.desktop.main.js:4759:942)
    at Generator.next (<anonymous>)
    at file:///opt/visual-studio-code/resources/app/out/vs/workbench/workbench.desktop.main.js:35:566
    at new Promise (<anonymous>)
    at n (file:///opt/visual-studio-code/resources/app/out/vs/workbench/workbench.desktop.main.js:35:343)
    at e.doOpenEditor (file:///opt/visual-studio-code/resources/app/out/vs/workbench/workbench.desktop.main.js:4759:872)
    at e.<anonymous> (file:///opt/visual-studio-code/resources/app/out/vs/workbench/workbench.desktop.main.js:4759:823)
    at Generator.next (<anonymous>)
    at file:///opt/visual-studio-code/resources/app/out/vs/workbench/workbench.desktop.main.js:35:566
    at new Promise (<anonymous>)
    at n (file:///opt/visual-studio-code/resources/app/out/vs/workbench/workbench.desktop.main.js:35:343)
    at e.openEditor (file:///opt/visual-studio-code/resources/app/out/vs/workbench/workbench.desktop.main.js:4759:387)
    at e.openEditor (file:///opt/visual-studio-code/resources/app/out/vs/workbench/workbench.desktop.main.js:5669:639)
    at _register.list.onDidOpen.e (file:///opt/visual-studio-code/resources/app/out/vs/workbench/workbench.desktop.main.js:5668:259)
    at d.fire (file:///opt/visual-studio-code/resources/app/out/vs/workbench/workbench.desktop.main.js:107:468)
    at z.open (file:///opt/visual-studio-code/resources/app/out/vs/workbench/workbench.desktop.main.js:870:859)
    at F.onPointer (file:///opt/visual-studio-code/resources/app/out/vs/workbench/workbench.desktop.main.js:855:396)
    at d.fire (file:///opt/visual-studio-code/resources/app/out/vs/workbench/workbench.desktop.main.js:107:488)
    at e (file:///opt/visual-studio-code/resources/app/out/vs/workbench/workbench.desktop.main.js:103:31)
    at d.fire (file:///opt/visual-studio-code/resources/app/out/vs/workbench/workbench.desktop.main.js:107:468)
    at HTMLDivElement.s (file:///opt/visual-studio-code/resources/app/out/vs/workbench/workbench.desktop.main.js:113:39)
[2019-09-29 23:55:40.143] [renderer1] [error] Invalid grid element: Error: Invalid grid element
    at u (file:///opt/visual-studio-code/resources/app/out/vs/workbench/workbench.desktop.main.js:501:429)
    at u (file:///opt/visual-studio-code/resources/app/out/vs/workbench/workbench.desktop.main.js:501:725)
    at b.getViewLocation (file:///opt/visual-studio-code/resources/app/out/vs/workbench/workbench.desktop.main.js:507:259)
    at b.getViewSize (file:///opt/visual-studio-code/resources/app/out/vs/workbench/workbench.desktop.main.js:505:829)
    at e.doRestoreGroup (file:///opt/visual-studio-code/resources/app/out/vs/workbench/workbench.desktop.main.js:5376:998)
    at e.restoreGroup (file:///opt/visual-studio-code/resources/app/out/vs/workbench/workbench.desktop.main.js:5374:61)
    at e.doOpenEditor (file:///opt/visual-studio-code/resources/app/out/vs/workbench/workbench.desktop.main.js:5359:257)
    at e.<anonymous> (file:///opt/visual-studio-code/resources/app/out/vs/workbench/workbench.desktop.main.js:5358:530)
    at Generator.next (<anonymous>)
    at file:///opt/visual-studio-code/resources/app/out/vs/workbench/workbench.desktop.main.js:35:566
    at new Promise (<anonymous>)
    at n (file:///opt/visual-studio-code/resources/app/out/vs/workbench/workbench.desktop.main.js:35:343)
    at e.openEditor (file:///opt/visual-studio-code/resources/app/out/vs/workbench/workbench.desktop.main.js:5358:327)
    at e.<anonymous> (file:///opt/visual-studio-code/resources/app/out/vs/workbench/workbench.desktop.main.js:4759:942)
    at Generator.next (<anonymous>)
    at file:///opt/visual-studio-code/resources/app/out/vs/workbench/workbench.desktop.main.js:35:566
    at new Promise (<anonymous>)
    at n (file:///opt/visual-studio-code/resources/app/out/vs/workbench/workbench.desktop.main.js:35:343)
    at e.doOpenEditor (file:///opt/visual-studio-code/resources/app/out/vs/workbench/workbench.desktop.main.js:4759:872)
    at e.<anonymous> (file:///opt/visual-studio-code/resources/app/out/vs/workbench/workbench.desktop.main.js:4759:823)
    at Generator.next (<anonymous>)
    at file:///opt/visual-studio-code/resources/app/out/vs/workbench/workbench.desktop.main.js:35:566
    at new Promise (<anonymous>)
    at n (file:///opt/visual-studio-code/resources/app/out/vs/workbench/workbench.desktop.main.js:35:343)
    at e.openEditor (file:///opt/visual-studio-code/resources/app/out/vs/workbench/workbench.desktop.main.js:4759:387)
    at e.openEditor (file:///opt/visual-studio-code/resources/app/out/vs/workbench/workbench.desktop.main.js:5669:639)
    at _register.list.onDidOpen.e (file:///opt/visual-studio-code/resources/app/out/vs/workbench/workbench.desktop.main.js:5668:259)
    at d.fire (file:///opt/visual-studio-code/resources/app/out/vs/workbench/workbench.desktop.main.js:107:468)
    at z.open (file:///opt/visual-studio-code/resources/app/out/vs/workbench/workbench.desktop.main.js:870:859)
    at F.onPointer (file:///opt/visual-studio-code/resources/app/out/vs/workbench/workbench.desktop.main.js:855:396)
    at d.fire (file:///opt/visual-studio-code/resources/app/out/vs/workbench/workbench.desktop.main.js:107:488)
    at e (file:///opt/visual-studio-code/resources/app/out/vs/workbench/workbench.desktop.main.js:103:31)
    at d.fire (file:///opt/visual-studio-code/resources/app/out/vs/workbench/workbench.desktop.main.js:107:468)
    at HTMLDivElement.s (file:///opt/visual-studio-code/resources/app/out/vs/workbench/workbench.desktop.main.js:113:39)
[2019-09-29 23:55:43.269] [renderer1] [error] Invalid grid element: Error: Invalid grid element
    at u (file:///opt/visual-studio-code/resources/app/out/vs/workbench/workbench.desktop.main.js:501:429)
    at u (file:///opt/visual-studio-code/resources/app/out/vs/workbench/workbench.desktop.main.js:501:725)
    at b.getViewLocation (file:///opt/visual-studio-code/resources/app/out/vs/workbench/workbench.desktop.main.js:507:259)
    at b.getViewSize (file:///opt/visual-studio-code/resources/app/out/vs/workbench/workbench.desktop.main.js:505:829)
    at e.doRestoreGroup (file:///opt/visual-studio-code/resources/app/out/vs/workbench/workbench.desktop.main.js:5376:998)
    at e.restoreGroup (file:///opt/visual-studio-code/resources/app/out/vs/workbench/workbench.desktop.main.js:5374:61)
    at e.doOpenEditor (file:///opt/visual-studio-code/resources/app/out/vs/workbench/workbench.desktop.main.js:5359:257)
    at e.<anonymous> (file:///opt/visual-studio-code/resources/app/out/vs/workbench/workbench.desktop.main.js:5358:530)
    at Generator.next (<anonymous>)
    at file:///opt/visual-studio-code/resources/app/out/vs/workbench/workbench.desktop.main.js:35:566
    at new Promise (<anonymous>)
    at n (file:///opt/visual-studio-code/resources/app/out/vs/workbench/workbench.desktop.main.js:35:343)
    at e.openEditor (file:///opt/visual-studio-code/resources/app/out/vs/workbench/workbench.desktop.main.js:5358:327)
    at e.<anonymous> (file:///opt/visual-studio-code/resources/app/out/vs/workbench/workbench.desktop.main.js:4759:942)
    at Generator.next (<anonymous>)
    at file:///opt/visual-studio-code/resources/app/out/vs/workbench/workbench.desktop.main.js:35:566
    at new Promise (<anonymous>)
    at n (file:///opt/visual-studio-code/resources/app/out/vs/workbench/workbench.desktop.main.js:35:343)
    at e.doOpenEditor (file:///opt/visual-studio-code/resources/app/out/vs/workbench/workbench.desktop.main.js:4759:872)
    at e.<anonymous> (file:///opt/visual-studio-code/resources/app/out/vs/workbench/workbench.desktop.main.js:4759:823)
    at Generator.next (<anonymous>)
    at file:///opt/visual-studio-code/resources/app/out/vs/workbench/workbench.desktop.main.js:35:566
    at new Promise (<anonymous>)
    at n (file:///opt/visual-studio-code/resources/app/out/vs/workbench/workbench.desktop.main.js:35:343)
    at e.openEditor (file:///opt/visual-studio-code/resources/app/out/vs/workbench/workbench.desktop.main.js:4759:387)
    at e.openEditor (file:///opt/visual-studio-code/resources/app/out/vs/workbench/workbench.desktop.main.js:5669:639)
    at _register.list.onDidOpen.e (file:///opt/visual-studio-code/resources/app/out/vs/workbench/workbench.desktop.main.js:5668:259)
    at d.fire (file:///opt/visual-studio-code/resources/app/out/vs/workbench/workbench.desktop.main.js:107:468)
    at z.open (file:///opt/visual-studio-code/resources/app/out/vs/workbench/workbench.desktop.main.js:870:859)
    at F.onPointer (file:///opt/visual-studio-code/resources/app/out/vs/workbench/workbench.desktop.main.js:855:396)
    at d.fire (file:///opt/visual-studio-code/resources/app/out/vs/workbench/workbench.desktop.main.js:107:488)
    at e (file:///opt/visual-studio-code/resources/app/out/vs/workbench/workbench.desktop.main.js:103:31)
    at d.fire (file:///opt/visual-studio-code/resources/app/out/vs/workbench/workbench.desktop.main.js:107:468)
    at HTMLDivElement.s (file:///opt/visual-studio-code/resources/app/out/vs/workbench/workbench.desktop.main.js:113:39)
[2019-09-29 23:56:32.924] [renderer1] [error] Invalid grid element: Error: Invalid grid element
    at u (file:///opt/visual-studio-code/resources/app/out/vs/workbench/workbench.desktop.main.js:501:429)
    at u (file:///opt/visual-studio-code/resources/app/out/vs/workbench/workbench.desktop.main.js:501:725)
    at b.getViewLocation (file:///opt/visual-studio-code/resources/app/out/vs/workbench/workbench.desktop.main.js:507:259)
    at b.getViewSize (file:///opt/visual-studio-code/resources/app/out/vs/workbench/workbench.desktop.main.js:505:829)
    at e.doRestoreGroup (file:///opt/visual-studio-code/resources/app/out/vs/workbench/workbench.desktop.main.js:5376:998)
    at e.restoreGroup (file:///opt/visual-studio-code/resources/app/out/vs/workbench/workbench.desktop.main.js:5374:61)
    at e.doOpenEditor (file:///opt/visual-studio-code/resources/app/out/vs/workbench/workbench.desktop.main.js:5359:257)
    at e.<anonymous> (file:///opt/visual-studio-code/resources/app/out/vs/workbench/workbench.desktop.main.js:5358:530)
    at Generator.next (<anonymous>)
    at file:///opt/visual-studio-code/resources/app/out/vs/workbench/workbench.desktop.main.js:35:566
    at new Promise (<anonymous>)
    at n (file:///opt/visual-studio-code/resources/app/out/vs/workbench/workbench.desktop.main.js:35:343)
    at e.openEditor (file:///opt/visual-studio-code/resources/app/out/vs/workbench/workbench.desktop.main.js:5358:327)
    at e.<anonymous> (file:///opt/visual-studio-code/resources/app/out/vs/workbench/workbench.desktop.main.js:4759:942)
    at Generator.next (<anonymous>)
    at file:///opt/visual-studio-code/resources/app/out/vs/workbench/workbench.desktop.main.js:35:566
    at new Promise (<anonymous>)
    at n (file:///opt/visual-studio-code/resources/app/out/vs/workbench/workbench.desktop.main.js:35:343)
    at e.doOpenEditor (file:///opt/visual-studio-code/resources/app/out/vs/workbench/workbench.desktop.main.js:4759:872)
    at e.<anonymous> (file:///opt/visual-studio-code/resources/app/out/vs/workbench/workbench.desktop.main.js:4759:823)
    at Generator.next (<anonymous>)
    at file:///opt/visual-studio-code/resources/app/out/vs/workbench/workbench.desktop.main.js:35:566
    at new Promise (<anonymous>)
    at n (file:///opt/visual-studio-code/resources/app/out/vs/workbench/workbench.desktop.main.js:35:343)
    at e.openEditor (file:///opt/visual-studio-code/resources/app/out/vs/workbench/workbench.desktop.main.js:4759:387)
    at e.openEditor (file:///opt/visual-studio-code/resources/app/out/vs/workbench/workbench.desktop.main.js:5669:639)
    at _register.list.onDidOpen.e (file:///opt/visual-studio-code/resources/app/out/vs/workbench/workbench.desktop.main.js:5668:259)
    at d.fire (file:///opt/visual-studio-code/resources/app/out/vs/workbench/workbench.desktop.main.js:107:468)
    at z.open (file:///opt/visual-studio-code/resources/app/out/vs/workbench/workbench.desktop.main.js:870:859)
    at F.onPointer (file:///opt/visual-studio-code/resources/app/out/vs/workbench/workbench.desktop.main.js:855:396)
    at d.fire (file:///opt/visual-studio-code/resources/app/out/vs/workbench/workbench.desktop.main.js:107:488)
    at e (file:///opt/visual-studio-code/resources/app/out/vs/workbench/workbench.desktop.main.js:103:31)
    at d.fire (file:///opt/visual-studio-code/resources/app/out/vs/workbench/workbench.desktop.main.js:107:468)
    at HTMLDivElement.s (file:///opt/visual-studio-code/resources/app/out/vs/workbench/workbench.desktop.main.js:113:39)
[2019-09-29 23:56:34.059] [renderer1] [error] Invalid grid element: Error: Invalid grid element
    at u (file:///opt/visual-studio-code/resources/app/out/vs/workbench/workbench.desktop.main.js:501:429)
    at u (file:///opt/visual-studio-code/resources/app/out/vs/workbench/workbench.desktop.main.js:501:725)
    at b.getViewLocation (file:///opt/visual-studio-code/resources/app/out/vs/workbench/workbench.desktop.main.js:507:259)
    at b.getViewSize (file:///opt/visual-studio-code/resources/app/out/vs/workbench/workbench.desktop.main.js:505:829)
    at e.doRestoreGroup (file:///opt/visual-studio-code/resources/app/out/vs/workbench/workbench.desktop.main.js:5376:998)
    at e.restoreGroup (file:///opt/visual-studio-code/resources/app/out/vs/workbench/workbench.desktop.main.js:5374:61)
    at e.doOpenEditor (file:///opt/visual-studio-code/resources/app/out/vs/workbench/workbench.desktop.main.js:5359:257)
    at e.<anonymous> (file:///opt/visual-studio-code/resources/app/out/vs/workbench/workbench.desktop.main.js:5358:530)
    at Generator.next (<anonymous>)
    at file:///opt/visual-studio-code/resources/app/out/vs/workbench/workbench.desktop.main.js:35:566
    at new Promise (<anonymous>)
    at n (file:///opt/visual-studio-code/resources/app/out/vs/workbench/workbench.desktop.main.js:35:343)
    at e.openEditor (file:///opt/visual-studio-code/resources/app/out/vs/workbench/workbench.desktop.main.js:5358:327)
    at e.<anonymous> (file:///opt/visual-studio-code/resources/app/out/vs/workbench/workbench.desktop.main.js:4759:942)
    at Generator.next (<anonymous>)
    at file:///opt/visual-studio-code/resources/app/out/vs/workbench/workbench.desktop.main.js:35:566
    at new Promise (<anonymous>)
    at n (file:///opt/visual-studio-code/resources/app/out/vs/workbench/workbench.desktop.main.js:35:343)
    at e.doOpenEditor (file:///opt/visual-studio-code/resources/app/out/vs/workbench/workbench.desktop.main.js:4759:872)
    at e.<anonymous> (file:///opt/visual-studio-code/resources/app/out/vs/workbench/workbench.desktop.main.js:4759:823)
    at Generator.next (<anonymous>)
    at file:///opt/visual-studio-code/resources/app/out/vs/workbench/workbench.desktop.main.js:35:566
    at new Promise (<anonymous>)
    at n (file:///opt/visual-studio-code/resources/app/out/vs/workbench/workbench.desktop.main.js:35:343)
    at e.openEditor (file:///opt/visual-studio-code/resources/app/out/vs/workbench/workbench.desktop.main.js:4759:387)
    at e.openEditor (file:///opt/visual-studio-code/resources/app/out/vs/workbench/workbench.desktop.main.js:5669:639)
    at _register.list.onDidOpen.e (file:///opt/visual-studio-code/resources/app/out/vs/workbench/workbench.desktop.main.js:5668:259)
    at d.fire (file:///opt/visual-studio-code/resources/app/out/vs/workbench/workbench.desktop.main.js:107:468)
    at z.open (file:///opt/visual-studio-code/resources/app/out/vs/workbench/workbench.desktop.main.js:870:859)
    at F.onPointer (file:///opt/visual-studio-code/resources/app/out/vs/workbench/workbench.desktop.main.js:855:396)
    at d.fire (file:///opt/visual-studio-code/resources/app/out/vs/workbench/workbench.desktop.main.js:107:488)
    at e (file:///opt/visual-studio-code/resources/app/out/vs/workbench/workbench.desktop.main.js:103:31)
    at d.fire (file:///opt/visual-studio-code/resources/app/out/vs/workbench/workbench.desktop.main.js:107:468)
    at HTMLDivElement.s (file:///opt/visual-studio-code/resources/app/out/vs/workbench/workbench.desktop.main.js:113:39)
[2019-09-29 23:56:38.742] [renderer1] [error] Invalid grid element: Error: Invalid grid element
    at u (file:///opt/visual-studio-code/resources/app/out/vs/workbench/workbench.desktop.main.js:501:429)
    at u (file:///opt/visual-studio-code/resources/app/out/vs/workbench/workbench.desktop.main.js:501:725)
    at b.getViewLocation (file:///opt/visual-studio-code/resources/app/out/vs/workbench/workbench.desktop.main.js:507:259)
    at b.getViewSize (file:///opt/visual-studio-code/resources/app/out/vs/workbench/workbench.desktop.main.js:505:829)
    at e.doRestoreGroup (file:///opt/visual-studio-code/resources/app/out/vs/workbench/workbench.desktop.main.js:5376:998)
    at e.restoreGroup (file:///opt/visual-studio-code/resources/app/out/vs/workbench/workbench.desktop.main.js:5374:61)
    at e.doOpenEditor (file:///opt/visual-studio-code/resources/app/out/vs/workbench/workbench.desktop.main.js:5359:257)
    at e.<anonymous> (file:///opt/visual-studio-code/resources/app/out/vs/workbench/workbench.desktop.main.js:5358:530)
    at Generator.next (<anonymous>)
    at file:///opt/visual-studio-code/resources/app/out/vs/workbench/workbench.desktop.main.js:35:566
    at new Promise (<anonymous>)
    at n (file:///opt/visual-studio-code/resources/app/out/vs/workbench/workbench.desktop.main.js:35:343)
    at e.openEditor (file:///opt/visual-studio-code/resources/app/out/vs/workbench/workbench.desktop.main.js:5358:327)
    at e.<anonymous> (file:///opt/visual-studio-code/resources/app/out/vs/workbench/workbench.desktop.main.js:4759:942)
    at Generator.next (<anonymous>)
    at file:///opt/visual-studio-code/resources/app/out/vs/workbench/workbench.desktop.main.js:35:566
    at new Promise (<anonymous>)
    at n (file:///opt/visual-studio-code/resources/app/out/vs/workbench/workbench.desktop.main.js:35:343)
    at e.doOpenEditor (file:///opt/visual-studio-code/resources/app/out/vs/workbench/workbench.desktop.main.js:4759:872)
    at e.<anonymous> (file:///opt/visual-studio-code/resources/app/out/vs/workbench/workbench.desktop.main.js:4759:823)
    at Generator.next (<anonymous>)
    at file:///opt/visual-studio-code/resources/app/out/vs/workbench/workbench.desktop.main.js:35:566
    at new Promise (<anonymous>)
    at n (file:///opt/visual-studio-code/resources/app/out/vs/workbench/workbench.desktop.main.js:35:343)
    at e.openEditor (file:///opt/visual-studio-code/resources/app/out/vs/workbench/workbench.desktop.main.js:4759:387)
    at e.openEditor (file:///opt/visual-studio-code/resources/app/out/vs/workbench/workbench.desktop.main.js:5669:639)
    at _register.list.onDidOpen.e (file:///opt/visual-studio-code/resources/app/out/vs/workbench/workbench.desktop.main.js:5668:259)
    at d.fire (file:///opt/visual-studio-code/resources/app/out/vs/workbench/workbench.desktop.main.js:107:468)
    at z.open (file:///opt/visual-studio-code/resources/app/out/vs/workbench/workbench.desktop.main.js:870:859)
    at F.onPointer (file:///opt/visual-studio-code/resources/app/out/vs/workbench/workbench.desktop.main.js:855:396)
    at d.fire (file:///opt/visual-studio-code/resources/app/out/vs/workbench/workbench.desktop.main.js:107:488)
    at e (file:///opt/visual-studio-code/resources/app/out/vs/workbench/workbench.desktop.main.js:103:31)
    at d.fire (file:///opt/visual-studio-code/resources/app/out/vs/workbench/workbench.desktop.main.js:107:468)
    at HTMLDivElement.s (file:///opt/visual-studio-code/resources/app/out/vs/workbench/workbench.desktop.main.js:113:39)
[2019-09-29 23:56:46.532] [renderer1] [error] Invalid grid element: Error: Invalid grid element
    at u (file:///opt/visual-studio-code/resources/app/out/vs/workbench/workbench.desktop.main.js:501:429)
    at u (file:///opt/visual-studio-code/resources/app/out/vs/workbench/workbench.desktop.main.js:501:725)
    at b.getViewLocation (file:///opt/visual-studio-code/resources/app/out/vs/workbench/workbench.desktop.main.js:507:259)
    at b.getViewSize (file:///opt/visual-studio-code/resources/app/out/vs/workbench/workbench.desktop.main.js:505:829)
    at e.doRestoreGroup (file:///opt/visual-studio-code/resources/app/out/vs/workbench/workbench.desktop.main.js:5376:998)
    at e.restoreGroup (file:///opt/visual-studio-code/resources/app/out/vs/workbench/workbench.desktop.main.js:5374:61)
    at e.doOpenEditor (file:///opt/visual-studio-code/resources/app/out/vs/workbench/workbench.desktop.main.js:5359:257)
    at e.<anonymous> (file:///opt/visual-studio-code/resources/app/out/vs/workbench/workbench.desktop.main.js:5358:530)
    at Generator.next (<anonymous>)
    at file:///opt/visual-studio-code/resources/app/out/vs/workbench/workbench.desktop.main.js:35:566
    at new Promise (<anonymous>)
    at n (file:///opt/visual-studio-code/resources/app/out/vs/workbench/workbench.desktop.main.js:35:343)
    at e.openEditor (file:///opt/visual-studio-code/resources/app/out/vs/workbench/workbench.desktop.main.js:5358:327)
    at e.<anonymous> (file:///opt/visual-studio-code/resources/app/out/vs/workbench/workbench.desktop.main.js:4759:942)
    at Generator.next (<anonymous>)
    at file:///opt/visual-studio-code/resources/app/out/vs/workbench/workbench.desktop.main.js:35:566
    at new Promise (<anonymous>)
    at n (file:///opt/visual-studio-code/resources/app/out/vs/workbench/workbench.desktop.main.js:35:343)
    at e.doOpenEditor (file:///opt/visual-studio-code/resources/app/out/vs/workbench/workbench.desktop.main.js:4759:872)
    at e.<anonymous> (file:///opt/visual-studio-code/resources/app/out/vs/workbench/workbench.desktop.main.js:4759:823)
    at Generator.next (<anonymous>)
    at file:///opt/visual-studio-code/resources/app/out/vs/workbench/workbench.desktop.main.js:35:566
    at new Promise (<anonymous>)
    at n (file:///opt/visual-studio-code/resources/app/out/vs/workbench/workbench.desktop.main.js:35:343)
    at e.openEditor (file:///opt/visual-studio-code/resources/app/out/vs/workbench/workbench.desktop.main.js:4759:387)
    at e.openEditor (file:///opt/visual-studio-code/resources/app/out/vs/workbench/workbench.desktop.main.js:5669:639)
    at _register.list.onDidOpen.e (file:///opt/visual-studio-code/resources/app/out/vs/workbench/workbench.desktop.main.js:5668:259)
    at d.fire (file:///opt/visual-studio-code/resources/app/out/vs/workbench/workbench.desktop.main.js:107:468)
    at z.open (file:///opt/visual-studio-code/resources/app/out/vs/workbench/workbench.desktop.main.js:870:859)
    at F.onPointer (file:///opt/visual-studio-code/resources/app/out/vs/workbench/workbench.desktop.main.js:855:396)
    at d.fire (file:///opt/visual-studio-code/resources/app/out/vs/workbench/workbench.desktop.main.js:107:488)
    at e (file:///opt/visual-studio-code/resources/app/out/vs/workbench/workbench.desktop.main.js:103:31)
    at d.fire (file:///opt/visual-studio-code/resources/app/out/vs/workbench/workbench.desktop.main.js:107:468)
    at HTMLDivElement.s (file:///opt/visual-studio-code/resources/app/out/vs/workbench/workbench.desktop.main.js:113:39)
[2019-09-29 23:56:54.792] [renderer1] [error] Invalid grid element: Error: Invalid grid element
    at u (file:///opt/visual-studio-code/resources/app/out/vs/workbench/workbench.desktop.main.js:501:429)
    at u (file:///opt/visual-studio-code/resources/app/out/vs/workbench/workbench.desktop.main.js:501:725)
    at b.getViewLocation (file:///opt/visual-studio-code/resources/app/out/vs/workbench/workbench.desktop.main.js:507:259)
    at b.getViewSize (file:///opt/visual-studio-code/resources/app/out/vs/workbench/workbench.desktop.main.js:505:829)
    at e.doRestoreGroup (file:///opt/visual-studio-code/resources/app/out/vs/workbench/workbench.desktop.main.js:5376:998)
    at e.restoreGroup (file:///opt/visual-studio-code/resources/app/out/vs/workbench/workbench.desktop.main.js:5374:61)
    at e.doOpenEditor (file:///opt/visual-studio-code/resources/app/out/vs/workbench/workbench.desktop.main.js:5359:257)
    at e.<anonymous> (file:///opt/visual-studio-code/resources/app/out/vs/workbench/workbench.desktop.main.js:5358:530)
    at Generator.next (<anonymous>)
    at file:///opt/visual-studio-code/resources/app/out/vs/workbench/workbench.desktop.main.js:35:566
    at new Promise (<anonymous>)
    at n (file:///opt/visual-studio-code/resources/app/out/vs/workbench/workbench.desktop.main.js:35:343)
    at e.openEditor (file:///opt/visual-studio-code/resources/app/out/vs/workbench/workbench.desktop.main.js:5358:327)
    at e.<anonymous> (file:///opt/visual-studio-code/resources/app/out/vs/workbench/workbench.desktop.main.js:4759:942)
    at Generator.next (<anonymous>)
    at file:///opt/visual-studio-code/resources/app/out/vs/workbench/workbench.desktop.main.js:35:566
    at new Promise (<anonymous>)
    at n (file:///opt/visual-studio-code/resources/app/out/vs/workbench/workbench.desktop.main.js:35:343)
    at e.doOpenEditor (file:///opt/visual-studio-code/resources/app/out/vs/workbench/workbench.desktop.main.js:4759:872)
    at e.<anonymous> (file:///opt/visual-studio-code/resources/app/out/vs/workbench/workbench.desktop.main.js:4759:823)
    at Generator.next (<anonymous>)
    at file:///opt/visual-studio-code/resources/app/out/vs/workbench/workbench.desktop.main.js:35:566
    at new Promise (<anonymous>)
    at n (file:///opt/visual-studio-code/resources/app/out/vs/workbench/workbench.desktop.main.js:35:343)
    at e.openEditor (file:///opt/visual-studio-code/resources/app/out/vs/workbench/workbench.desktop.main.js:4759:387)
    at e.openEditor (file:///opt/visual-studio-code/resources/app/out/vs/workbench/workbench.desktop.main.js:5669:639)
    at _register.list.onDidOpen.e (file:///opt/visual-studio-code/resources/app/out/vs/workbench/workbench.desktop.main.js:5668:259)
    at d.fire (file:///opt/visual-studio-code/resources/app/out/vs/workbench/workbench.desktop.main.js:107:468)
    at z.open (file:///opt/visual-studio-code/resources/app/out/vs/workbench/workbench.desktop.main.js:870:859)
    at F.onPointer (file:///opt/visual-studio-code/resources/app/out/vs/workbench/workbench.desktop.main.js:855:396)
    at d.fire (file:///opt/visual-studio-code/resources/app/out/vs/workbench/workbench.desktop.main.js:107:488)
    at e (file:///opt/visual-studio-code/resources/app/out/vs/workbench/workbench.desktop.main.js:103:31)
    at d.fire (file:///opt/visual-studio-code/resources/app/out/vs/workbench/workbench.desktop.main.js:107:468)
    at HTMLDivElement.s (file:///opt/visual-studio-code/resources/app/out/vs/workbench/workbench.desktop.main.js:113:39)
[2019-09-29 23:57:41.018] [renderer1] [error] Invalid grid element: Error: Invalid grid element
    at u (file:///opt/visual-studio-code/resources/app/out/vs/workbench/workbench.desktop.main.js:501:429)
    at u (file:///opt/visual-studio-code/resources/app/out/vs/workbench/workbench.desktop.main.js:501:725)
    at b.getViewLocation (file:///opt/visual-studio-code/resources/app/out/vs/workbench/workbench.desktop.main.js:507:259)
    at b.getViewSize (file:///opt/visual-studio-code/resources/app/out/vs/workbench/workbench.desktop.main.js:505:829)
    at e.doRestoreGroup (file:///opt/visual-studio-code/resources/app/out/vs/workbench/workbench.desktop.main.js:5376:998)
    at e.restoreGroup (file:///opt/visual-studio-code/resources/app/out/vs/workbench/workbench.desktop.main.js:5374:61)
    at e.doOpenEditor (file:///opt/visual-studio-code/resources/app/out/vs/workbench/workbench.desktop.main.js:5359:257)
    at e.<anonymous> (file:///opt/visual-studio-code/resources/app/out/vs/workbench/workbench.desktop.main.js:5358:530)
    at Generator.next (<anonymous>)
    at file:///opt/visual-studio-code/resources/app/out/vs/workbench/workbench.desktop.main.js:35:566
    at new Promise (<anonymous>)
    at n (file:///opt/visual-studio-code/resources/app/out/vs/workbench/workbench.desktop.main.js:35:343)
    at e.openEditor (file:///opt/visual-studio-code/resources/app/out/vs/workbench/workbench.desktop.main.js:5358:327)
    at e.<anonymous> (file:///opt/visual-studio-code/resources/app/out/vs/workbench/workbench.desktop.main.js:4759:942)
    at Generator.next (<anonymous>)
    at file:///opt/visual-studio-code/resources/app/out/vs/workbench/workbench.desktop.main.js:35:566
    at new Promise (<anonymous>)
    at n (file:///opt/visual-studio-code/resources/app/out/vs/workbench/workbench.desktop.main.js:35:343)
    at e.doOpenEditor (file:///opt/visual-studio-code/resources/app/out/vs/workbench/workbench.desktop.main.js:4759:872)
    at e.<anonymous> (file:///opt/visual-studio-code/resources/app/out/vs/workbench/workbench.desktop.main.js:4759:823)
    at Generator.next (<anonymous>)
    at file:///opt/visual-studio-code/resources/app/out/vs/workbench/workbench.desktop.main.js:35:566
    at new Promise (<anonymous>)
    at n (file:///opt/visual-studio-code/resources/app/out/vs/workbench/workbench.desktop.main.js:35:343)
    at e.openEditor (file:///opt/visual-studio-code/resources/app/out/vs/workbench/workbench.desktop.main.js:4759:387)
    at e.openEditor (file:///opt/visual-studio-code/resources/app/out/vs/workbench/workbench.desktop.main.js:5669:639)
    at _register.list.onDidOpen.e (file:///opt/visual-studio-code/resources/app/out/vs/workbench/workbench.desktop.main.js:5668:259)
    at d.fire (file:///opt/visual-studio-code/resources/app/out/vs/workbench/workbench.desktop.main.js:107:468)
    at z.open (file:///opt/visual-studio-code/resources/app/out/vs/workbench/workbench.desktop.main.js:870:859)
    at F.onPointer (file:///opt/visual-studio-code/resources/app/out/vs/workbench/workbench.desktop.main.js:855:396)
    at d.fire (file:///opt/visual-studio-code/resources/app/out/vs/workbench/workbench.desktop.main.js:107:488)
    at e (file:///opt/visual-studio-code/resources/app/out/vs/workbench/workbench.desktop.main.js:103:31)
    at d.fire (file:///opt/visual-studio-code/resources/app/out/vs/workbench/workbench.desktop.main.js:107:468)
    at HTMLDivElement.s (file:///opt/visual-studio-code/resources/app/out/vs/workbench/workbench.desktop.main.js:113:39)
[2019-09-29 23:57:47.416] [renderer1] [error] Invalid grid element: Error: Invalid grid element
    at u (file:///opt/visual-studio-code/resources/app/out/vs/workbench/workbench.desktop.main.js:501:429)
    at u (file:///opt/visual-studio-code/resources/app/out/vs/workbench/workbench.desktop.main.js:501:725)
    at b.getViewLocation (file:///opt/visual-studio-code/resources/app/out/vs/workbench/workbench.desktop.main.js:507:259)
    at b.getViewSize (file:///opt/visual-studio-code/resources/app/out/vs/workbench/workbench.desktop.main.js:505:829)
    at e.doRestoreGroup (file:///opt/visual-studio-code/resources/app/out/vs/workbench/workbench.desktop.main.js:5376:998)
    at e.restoreGroup (file:///opt/visual-studio-code/resources/app/out/vs/workbench/workbench.desktop.main.js:5374:61)
    at e.doOpenEditor (file:///opt/visual-studio-code/resources/app/out/vs/workbench/workbench.desktop.main.js:5359:257)
    at e.<anonymous> (file:///opt/visual-studio-code/resources/app/out/vs/workbench/workbench.desktop.main.js:5358:530)
    at Generator.next (<anonymous>)
    at file:///opt/visual-studio-code/resources/app/out/vs/workbench/workbench.desktop.main.js:35:566
    at new Promise (<anonymous>)
    at n (file:///opt/visual-studio-code/resources/app/out/vs/workbench/workbench.desktop.main.js:35:343)
    at e.openEditor (file:///opt/visual-studio-code/resources/app/out/vs/workbench/workbench.desktop.main.js:5358:327)
    at e.<anonymous> (file:///opt/visual-studio-code/resources/app/out/vs/workbench/workbench.desktop.main.js:4759:942)
    at Generator.next (<anonymous>)
    at file:///opt/visual-studio-code/resources/app/out/vs/workbench/workbench.desktop.main.js:35:566
    at new Promise (<anonymous>)
    at n (file:///opt/visual-studio-code/resources/app/out/vs/workbench/workbench.desktop.main.js:35:343)
    at e.doOpenEditor (file:///opt/visual-studio-code/resources/app/out/vs/workbench/workbench.desktop.main.js:4759:872)
    at e.<anonymous> (file:///opt/visual-studio-code/resources/app/out/vs/workbench/workbench.desktop.main.js:4759:823)
    at Generator.next (<anonymous>)
    at file:///opt/visual-studio-code/resources/app/out/vs/workbench/workbench.desktop.main.js:35:566
    at new Promise (<anonymous>)
    at n (file:///opt/visual-studio-code/resources/app/out/vs/workbench/workbench.desktop.main.js:35:343)
    at e.openEditor (file:///opt/visual-studio-code/resources/app/out/vs/workbench/workbench.desktop.main.js:4759:387)
    at e.openEditor (file:///opt/visual-studio-code/resources/app/out/vs/workbench/workbench.desktop.main.js:5669:639)
    at _register.list.onDidOpen.e (file:///opt/visual-studio-code/resources/app/out/vs/workbench/workbench.desktop.main.js:5668:259)
    at d.fire (file:///opt/visual-studio-code/resources/app/out/vs/workbench/workbench.desktop.main.js:107:468)
    at z.open (file:///opt/visual-studio-code/resources/app/out/vs/workbench/workbench.desktop.main.js:870:859)
    at F.onPointer (file:///opt/visual-studio-code/resources/app/out/vs/workbench/workbench.desktop.main.js:855:396)
    at d.fire (file:///opt/visual-studio-code/resources/app/out/vs/workbench/workbench.desktop.main.js:107:488)
    at e (file:///opt/visual-studio-code/resources/app/out/vs/workbench/workbench.desktop.main.js:103:31)
    at d.fire (file:///opt/visual-studio-code/resources/app/out/vs/workbench/workbench.desktop.main.js:107:468)
    at HTMLDivElement.s (file:///opt/visual-studio-code/resources/app/out/vs/workbench/workbench.desktop.main.js:113:39)
[2019-09-29 23:57:49.272] [renderer1] [error] Invalid grid element: Error: Invalid grid element
    at u (file:///opt/visual-studio-code/resources/app/out/vs/workbench/workbench.desktop.main.js:501:429)
    at u (file:///opt/visual-studio-code/resources/app/out/vs/workbench/workbench.desktop.main.js:501:725)
    at b.getViewLocation (file:///opt/visual-studio-code/resources/app/out/vs/workbench/workbench.desktop.main.js:507:259)
    at b.getViewSize (file:///opt/visual-studio-code/resources/app/out/vs/workbench/workbench.desktop.main.js:505:829)
    at e.doRestoreGroup (file:///opt/visual-studio-code/resources/app/out/vs/workbench/workbench.desktop.main.js:5376:998)
    at e.restoreGroup (file:///opt/visual-studio-code/resources/app/out/vs/workbench/workbench.desktop.main.js:5374:61)
    at e.doOpenEditor (file:///opt/visual-studio-code/resources/app/out/vs/workbench/workbench.desktop.main.js:5359:257)
    at e.<anonymous> (file:///opt/visual-studio-code/resources/app/out/vs/workbench/workbench.desktop.main.js:5358:530)
    at Generator.next (<anonymous>)
    at file:///opt/visual-studio-code/resources/app/out/vs/workbench/workbench.desktop.main.js:35:566
    at new Promise (<anonymous>)
    at n (file:///opt/visual-studio-code/resources/app/out/vs/workbench/workbench.desktop.main.js:35:343)
    at e.openEditor (file:///opt/visual-studio-code/resources/app/out/vs/workbench/workbench.desktop.main.js:5358:327)
    at e.<anonymous> (file:///opt/visual-studio-code/resources/app/out/vs/workbench/workbench.desktop.main.js:4759:942)
    at Generator.next (<anonymous>)
    at file:///opt/visual-studio-code/resources/app/out/vs/workbench/workbench.desktop.main.js:35:566
    at new Promise (<anonymous>)
    at n (file:///opt/visual-studio-code/resources/app/out/vs/workbench/workbench.desktop.main.js:35:343)
    at e.doOpenEditor (file:///opt/visual-studio-code/resources/app/out/vs/workbench/workbench.desktop.main.js:4759:872)
    at e.<anonymous> (file:///opt/visual-studio-code/resources/app/out/vs/workbench/workbench.desktop.main.js:4759:823)
    at Generator.next (<anonymous>)
    at file:///opt/visual-studio-code/resources/app/out/vs/workbench/workbench.desktop.main.js:35:566
    at new Promise (<anonymous>)
    at n (file:///opt/visual-studio-code/resources/app/out/vs/workbench/workbench.desktop.main.js:35:343)
    at e.openEditor (file:///opt/visual-studio-code/resources/app/out/vs/workbench/workbench.desktop.main.js:4759:387)
    at e.openEditor (file:///opt/visual-studio-code/resources/app/out/vs/workbench/workbench.desktop.main.js:5669:639)
    at _register.list.onDidOpen.e (file:///opt/visual-studio-code/resources/app/out/vs/workbench/workbench.desktop.main.js:5668:259)
    at d.fire (file:///opt/visual-studio-code/resources/app/out/vs/workbench/workbench.desktop.main.js:107:468)
    at z.open (file:///opt/visual-studio-code/resources/app/out/vs/workbench/workbench.desktop.main.js:870:859)
    at F.onPointer (file:///opt/visual-studio-code/resources/app/out/vs/workbench/workbench.desktop.main.js:855:396)
    at d.fire (file:///opt/visual-studio-code/resources/app/out/vs/workbench/workbench.desktop.main.js:107:488)
    at e (file:///opt/visual-studio-code/resources/app/out/vs/workbench/workbench.desktop.main.js:103:31)
    at d.fire (file:///opt/visual-studio-code/resources/app/out/vs/workbench/workbench.desktop.main.js:107:468)
    at HTMLDivElement.s (file:///opt/visual-studio-code/resources/app/out/vs/workbench/workbench.desktop.main.js:113:39)
[2019-09-29 23:57:52.977] [renderer1] [error] Invalid grid element: Error: Invalid grid element
    at u (file:///opt/visual-studio-code/resources/app/out/vs/workbench/workbench.desktop.main.js:501:429)
    at u (file:///opt/visual-studio-code/resources/app/out/vs/workbench/workbench.desktop.main.js:501:725)
    at b.getViewLocation (file:///opt/visual-studio-code/resources/app/out/vs/workbench/workbench.desktop.main.js:507:259)
    at b.getViewSize (file:///opt/visual-studio-code/resources/app/out/vs/workbench/workbench.desktop.main.js:505:829)
    at e.doRestoreGroup (file:///opt/visual-studio-code/resources/app/out/vs/workbench/workbench.desktop.main.js:5376:998)
    at e.restoreGroup (file:///opt/visual-studio-code/resources/app/out/vs/workbench/workbench.desktop.main.js:5374:61)
    at e.doOpenEditor (file:///opt/visual-studio-code/resources/app/out/vs/workbench/workbench.desktop.main.js:5359:257)
    at e.<anonymous> (file:///opt/visual-studio-code/resources/app/out/vs/workbench/workbench.desktop.main.js:5358:530)
    at Generator.next (<anonymous>)
    at file:///opt/visual-studio-code/resources/app/out/vs/workbench/workbench.desktop.main.js:35:566
    at new Promise (<anonymous>)
    at n (file:///opt/visual-studio-code/resources/app/out/vs/workbench/workbench.desktop.main.js:35:343)
    at e.openEditor (file:///opt/visual-studio-code/resources/app/out/vs/workbench/workbench.desktop.main.js:5358:327)
    at e.<anonymous> (file:///opt/visual-studio-code/resources/app/out/vs/workbench/workbench.desktop.main.js:4759:942)
    at Generator.next (<anonymous>)
    at file:///opt/visual-studio-code/resources/app/out/vs/workbench/workbench.desktop.main.js:35:566
    at new Promise (<anonymous>)
    at n (file:///opt/visual-studio-code/resources/app/out/vs/workbench/workbench.desktop.main.js:35:343)
    at e.doOpenEditor (file:///opt/visual-studio-code/resources/app/out/vs/workbench/workbench.desktop.main.js:4759:872)
    at e.<anonymous> (file:///opt/visual-studio-code/resources/app/out/vs/workbench/workbench.desktop.main.js:4759:823)
    at Generator.next (<anonymous>)
    at file:///opt/visual-studio-code/resources/app/out/vs/workbench/workbench.desktop.main.js:35:566
    at new Promise (<anonymous>)
    at n (file:///opt/visual-studio-code/resources/app/out/vs/workbench/workbench.desktop.main.js:35:343)
    at e.openEditor (file:///opt/visual-studio-code/resources/app/out/vs/workbench/workbench.desktop.main.js:4759:387)
    at e.openEditor (file:///opt/visual-studio-code/resources/app/out/vs/workbench/workbench.desktop.main.js:5669:639)
    at _register.list.onDidOpen.e (file:///opt/visual-studio-code/resources/app/out/vs/workbench/workbench.desktop.main.js:5668:259)
    at d.fire (file:///opt/visual-studio-code/resources/app/out/vs/workbench/workbench.desktop.main.js:107:468)
    at z.open (file:///opt/visual-studio-code/resources/app/out/vs/workbench/workbench.desktop.main.js:870:859)
    at F.onPointer (file:///opt/visual-studio-code/resources/app/out/vs/workbench/workbench.desktop.main.js:855:396)
    at d.fire (file:///opt/visual-studio-code/resources/app/out/vs/workbench/workbench.desktop.main.js:107:488)
    at e (file:///opt/visual-studio-code/resources/app/out/vs/workbench/workbench.desktop.main.js:103:31)
    at d.fire (file:///opt/visual-studio-code/resources/app/out/vs/workbench/workbench.desktop.main.js:107:468)
    at HTMLDivElement.s (file:///opt/visual-studio-code/resources/app/out/vs/workbench/workbench.desktop.main.js:113:39)
[2019-09-29 23:57:54.052] [renderer1] [error] Invalid grid element: Error: Invalid grid element
    at u (file:///opt/visual-studio-code/resources/app/out/vs/workbench/workbench.desktop.main.js:501:429)
    at u (file:///opt/visual-studio-code/resources/app/out/vs/workbench/workbench.desktop.main.js:501:725)
    at b.getViewLocation (file:///opt/visual-studio-code/resources/app/out/vs/workbench/workbench.desktop.main.js:507:259)
    at b.getViewSize (file:///opt/visual-studio-code/resources/app/out/vs/workbench/workbench.desktop.main.js:505:829)
    at e.doRestoreGroup (file:///opt/visual-studio-code/resources/app/out/vs/workbench/workbench.desktop.main.js:5376:998)
    at e.restoreGroup (file:///opt/visual-studio-code/resources/app/out/vs/workbench/workbench.desktop.main.js:5374:61)
    at e.doOpenEditor (file:///opt/visual-studio-code/resources/app/out/vs/workbench/workbench.desktop.main.js:5359:257)
    at e.<anonymous> (file:///opt/visual-studio-code/resources/app/out/vs/workbench/workbench.desktop.main.js:5358:530)
    at Generator.next (<anonymous>)
    at file:///opt/visual-studio-code/resources/app/out/vs/workbench/workbench.desktop.main.js:35:566
    at new Promise (<anonymous>)
    at n (file:///opt/visual-studio-code/resources/app/out/vs/workbench/workbench.desktop.main.js:35:343)
    at e.openEditor (file:///opt/visual-studio-code/resources/app/out/vs/workbench/workbench.desktop.main.js:5358:327)
    at e.<anonymous> (file:///opt/visual-studio-code/resources/app/out/vs/workbench/workbench.desktop.main.js:4759:942)
    at Generator.next (<anonymous>)
    at file:///opt/visual-studio-code/resources/app/out/vs/workbench/workbench.desktop.main.js:35:566
    at new Promise (<anonymous>)
    at n (file:///opt/visual-studio-code/resources/app/out/vs/workbench/workbench.desktop.main.js:35:343)
    at e.doOpenEditor (file:///opt/visual-studio-code/resources/app/out/vs/workbench/workbench.desktop.main.js:4759:872)
    at e.<anonymous> (file:///opt/visual-studio-code/resources/app/out/vs/workbench/workbench.desktop.main.js:4759:823)
    at Generator.next (<anonymous>)
    at file:///opt/visual-studio-code/resources/app/out/vs/workbench/workbench.desktop.main.js:35:566
    at new Promise (<anonymous>)
    at n (file:///opt/visual-studio-code/resources/app/out/vs/workbench/workbench.desktop.main.js:35:343)
    at e.openEditor (file:///opt/visual-studio-code/resources/app/out/vs/workbench/workbench.desktop.main.js:4759:387)
    at e.openEditor (file:///opt/visual-studio-code/resources/app/out/vs/workbench/workbench.desktop.main.js:5669:639)
    at _register.list.onDidOpen.e (file:///opt/visual-studio-code/resources/app/out/vs/workbench/workbench.desktop.main.js:5668:259)
    at d.fire (file:///opt/visual-studio-code/resources/app/out/vs/workbench/workbench.desktop.main.js:107:468)
    at z.open (file:///opt/visual-studio-code/resources/app/out/vs/workbench/workbench.desktop.main.js:870:859)
    at F.onPointer (file:///opt/visual-studio-code/resources/app/out/vs/workbench/workbench.desktop.main.js:855:396)
    at d.fire (file:///opt/visual-studio-code/resources/app/out/vs/workbench/workbench.desktop.main.js:107:488)
    at e (file:///opt/visual-studio-code/resources/app/out/vs/workbench/workbench.desktop.main.js:103:31)
    at d.fire (file:///opt/visual-studio-code/resources/app/out/vs/workbench/workbench.desktop.main.js:107:468)
    at HTMLDivElement.s (file:///opt/visual-studio-code/resources/app/out/vs/workbench/workbench.desktop.main.js:113:39)
[2019-09-29 23:57:55.435] [renderer1] [error] Invalid grid element: Error: Invalid grid element
    at u (file:///opt/visual-studio-code/resources/app/out/vs/workbench/workbench.desktop.main.js:501:429)
    at u (file:///opt/visual-studio-code/resources/app/out/vs/workbench/workbench.desktop.main.js:501:725)
    at b.getViewLocation (file:///opt/visual-studio-code/resources/app/out/vs/workbench/workbench.desktop.main.js:507:259)
    at b.getViewSize (file:///opt/visual-studio-code/resources/app/out/vs/workbench/workbench.desktop.main.js:505:829)
    at e.doRestoreGroup (file:///opt/visual-studio-code/resources/app/out/vs/workbench/workbench.desktop.main.js:5376:998)
    at e.restoreGroup (file:///opt/visual-studio-code/resources/app/out/vs/workbench/workbench.desktop.main.js:5374:61)
    at e.doOpenEditor (file:///opt/visual-studio-code/resources/app/out/vs/workbench/workbench.desktop.main.js:5359:257)
    at e.<anonymous> (file:///opt/visual-studio-code/resources/app/out/vs/workbench/workbench.desktop.main.js:5358:530)
    at Generator.next (<anonymous>)
    at file:///opt/visual-studio-code/resources/app/out/vs/workbench/workbench.desktop.main.js:35:566
    at new Promise (<anonymous>)
    at n (file:///opt/visual-studio-code/resources/app/out/vs/workbench/workbench.desktop.main.js:35:343)
    at e.openEditor (file:///opt/visual-studio-code/resources/app/out/vs/workbench/workbench.desktop.main.js:5358:327)
    at e.<anonymous> (file:///opt/visual-studio-code/resources/app/out/vs/workbench/workbench.desktop.main.js:4759:942)
    at Generator.next (<anonymous>)
    at file:///opt/visual-studio-code/resources/app/out/vs/workbench/workbench.desktop.main.js:35:566
    at new Promise (<anonymous>)
    at n (file:///opt/visual-studio-code/resources/app/out/vs/workbench/workbench.desktop.main.js:35:343)
    at e.doOpenEditor (file:///opt/visual-studio-code/resources/app/out/vs/workbench/workbench.desktop.main.js:4759:872)
    at e.<anonymous> (file:///opt/visual-studio-code/resources/app/out/vs/workbench/workbench.desktop.main.js:4759:823)
    at Generator.next (<anonymous>)
    at file:///opt/visual-studio-code/resources/app/out/vs/workbench/workbench.desktop.main.js:35:566
    at new Promise (<anonymous>)
    at n (file:///opt/visual-studio-code/resources/app/out/vs/workbench/workbench.desktop.main.js:35:343)
    at e.openEditor (file:///opt/visual-studio-code/resources/app/out/vs/workbench/workbench.desktop.main.js:4759:387)
    at e.openEditor (file:///opt/visual-studio-code/resources/app/out/vs/workbench/workbench.desktop.main.js:5669:639)
    at _register.list.onDidOpen.e (file:///opt/visual-studio-code/resources/app/out/vs/workbench/workbench.desktop.main.js:5668:259)
    at d.fire (file:///opt/visual-studio-code/resources/app/out/vs/workbench/workbench.desktop.main.js:107:468)
    at z.open (file:///opt/visual-studio-code/resources/app/out/vs/workbench/workbench.desktop.main.js:870:859)
    at F.onPointer (file:///opt/visual-studio-code/resources/app/out/vs/workbench/workbench.desktop.main.js:855:396)
    at d.fire (file:///opt/visual-studio-code/resources/app/out/vs/workbench/workbench.desktop.main.js:107:488)
    at e (file:///opt/visual-studio-code/resources/app/out/vs/workbench/workbench.desktop.main.js:103:31)
    at d.fire (file:///opt/visual-studio-code/resources/app/out/vs/workbench/workbench.desktop.main.js:107:468)
    at HTMLDivElement.s (file:///opt/visual-studio-code/resources/app/out/vs/workbench/workbench.desktop.main.js:113:39)
[2019-09-29 23:58:17.391] [renderer1] [error] Invalid grid element: Error: Invalid grid element
    at u (file:///opt/visual-studio-code/resources/app/out/vs/workbench/workbench.desktop.main.js:501:429)
    at u (file:///opt/visual-studio-code/resources/app/out/vs/workbench/workbench.desktop.main.js:501:725)
    at b.getViewLocation (file:///opt/visual-studio-code/resources/app/out/vs/workbench/workbench.desktop.main.js:507:259)
    at b.getViewSize (file:///opt/visual-studio-code/resources/app/out/vs/workbench/workbench.desktop.main.js:505:829)
    at e.doRestoreGroup (file:///opt/visual-studio-code/resources/app/out/vs/workbench/workbench.desktop.main.js:5376:998)
    at e.restoreGroup (file:///opt/visual-studio-code/resources/app/out/vs/workbench/workbench.desktop.main.js:5374:61)
    at e.doOpenEditor (file:///opt/visual-studio-code/resources/app/out/vs/workbench/workbench.desktop.main.js:5359:257)
    at e.<anonymous> (file:///opt/visual-studio-code/resources/app/out/vs/workbench/workbench.desktop.main.js:5358:530)
    at Generator.next (<anonymous>)
    at file:///opt/visual-studio-code/resources/app/out/vs/workbench/workbench.desktop.main.js:35:566
    at new Promise (<anonymous>)
    at n (file:///opt/visual-studio-code/resources/app/out/vs/workbench/workbench.desktop.main.js:35:343)
    at e.openEditor (file:///opt/visual-studio-code/resources/app/out/vs/workbench/workbench.desktop.main.js:5358:327)
    at e.<anonymous> (file:///opt/visual-studio-code/resources/app/out/vs/workbench/workbench.desktop.main.js:4759:942)
    at Generator.next (<anonymous>)
    at file:///opt/visual-studio-code/resources/app/out/vs/workbench/workbench.desktop.main.js:35:566
    at new Promise (<anonymous>)
    at n (file:///opt/visual-studio-code/resources/app/out/vs/workbench/workbench.desktop.main.js:35:343)
    at e.doOpenEditor (file:///opt/visual-studio-code/resources/app/out/vs/workbench/workbench.desktop.main.js:4759:872)
    at e.<anonymous> (file:///opt/visual-studio-code/resources/app/out/vs/workbench/workbench.desktop.main.js:4759:823)
    at Generator.next (<anonymous>)
    at file:///opt/visual-studio-code/resources/app/out/vs/workbench/workbench.desktop.main.js:35:566
    at new Promise (<anonymous>)
    at n (file:///opt/visual-studio-code/resources/app/out/vs/workbench/workbench.desktop.main.js:35:343)
    at e.openEditor (file:///opt/visual-studio-code/resources/app/out/vs/workbench/workbench.desktop.main.js:4759:387)
    at e.openEditor (file:///opt/visual-studio-code/resources/app/out/vs/workbench/workbench.desktop.main.js:5669:639)
    at _register.list.onDidOpen.e (file:///opt/visual-studio-code/resources/app/out/vs/workbench/workbench.desktop.main.js:5668:259)
    at d.fire (file:///opt/visual-studio-code/resources/app/out/vs/workbench/workbench.desktop.main.js:107:468)
    at z.open (file:///opt/visual-studio-code/resources/app/out/vs/workbench/workbench.desktop.main.js:870:859)
    at F.onPointer (file:///opt/visual-studio-code/resources/app/out/vs/workbench/workbench.desktop.main.js:855:396)
    at d.fire (file:///opt/visual-studio-code/resources/app/out/vs/workbench/workbench.desktop.main.js:107:488)
    at e (file:///opt/visual-studio-code/resources/app/out/vs/workbench/workbench.desktop.main.js:103:31)
    at d.fire (file:///opt/visual-studio-code/resources/app/out/vs/workbench/workbench.desktop.main.js:107:468)
    at HTMLDivElement.s (file:///opt/visual-studio-code/resources/app/out/vs/workbench/workbench.desktop.main.js:113:39)
[2019-09-29 23:58:18.791] [renderer1] [error] Invalid grid element: Error: Invalid grid element
    at u (file:///opt/visual-studio-code/resources/app/out/vs/workbench/workbench.desktop.main.js:501:429)
    at u (file:///opt/visual-studio-code/resources/app/out/vs/workbench/workbench.desktop.main.js:501:725)
    at b.getViewLocation (file:///opt/visual-studio-code/resources/app/out/vs/workbench/workbench.desktop.main.js:507:259)
    at b.getViewSize (file:///opt/visual-studio-code/resources/app/out/vs/workbench/workbench.desktop.main.js:505:829)
    at e.doRestoreGroup (file:///opt/visual-studio-code/resources/app/out/vs/workbench/workbench.desktop.main.js:5376:998)
    at e.restoreGroup (file:///opt/visual-studio-code/resources/app/out/vs/workbench/workbench.desktop.main.js:5374:61)
    at e.doOpenEditor (file:///opt/visual-studio-code/resources/app/out/vs/workbench/workbench.desktop.main.js:5359:257)
    at e.<anonymous> (file:///opt/visual-studio-code/resources/app/out/vs/workbench/workbench.desktop.main.js:5358:530)
    at Generator.next (<anonymous>)
    at file:///opt/visual-studio-code/resources/app/out/vs/workbench/workbench.desktop.main.js:35:566
    at new Promise (<anonymous>)
    at n (file:///opt/visual-studio-code/resources/app/out/vs/workbench/workbench.desktop.main.js:35:343)
    at e.openEditor (file:///opt/visual-studio-code/resources/app/out/vs/workbench/workbench.desktop.main.js:5358:327)
    at e.<anonymous> (file:///opt/visual-studio-code/resources/app/out/vs/workbench/workbench.desktop.main.js:4759:942)
    at Generator.next (<anonymous>)
    at file:///opt/visual-studio-code/resources/app/out/vs/workbench/workbench.desktop.main.js:35:566
    at new Promise (<anonymous>)
    at n (file:///opt/visual-studio-code/resources/app/out/vs/workbench/workbench.desktop.main.js:35:343)
    at e.doOpenEditor (file:///opt/visual-studio-code/resources/app/out/vs/workbench/workbench.desktop.main.js:4759:872)
    at e.<anonymous> (file:///opt/visual-studio-code/resources/app/out/vs/workbench/workbench.desktop.main.js:4759:823)
    at Generator.next (<anonymous>)
    at file:///opt/visual-studio-code/resources/app/out/vs/workbench/workbench.desktop.main.js:35:566
    at new Promise (<anonymous>)
    at n (file:///opt/visual-studio-code/resources/app/out/vs/workbench/workbench.desktop.main.js:35:343)
    at e.openEditor (file:///opt/visual-studio-code/resources/app/out/vs/workbench/workbench.desktop.main.js:4759:387)
    at e.openEditor (file:///opt/visual-studio-code/resources/app/out/vs/workbench/workbench.desktop.main.js:5669:639)
    at _register.list.onDidOpen.e (file:///opt/visual-studio-code/resources/app/out/vs/workbench/workbench.desktop.main.js:5668:259)
    at d.fire (file:///opt/visual-studio-code/resources/app/out/vs/workbench/workbench.desktop.main.js:107:468)
    at z.open (file:///opt/visual-studio-code/resources/app/out/vs/workbench/workbench.desktop.main.js:870:859)
    at F.onPointer (file:///opt/visual-studio-code/resources/app/out/vs/workbench/workbench.desktop.main.js:855:396)
    at d.fire (file:///opt/visual-studio-code/resources/app/out/vs/workbench/workbench.desktop.main.js:107:488)
    at e (file:///opt/visual-studio-code/resources/app/out/vs/workbench/workbench.desktop.main.js:103:31)
    at d.fire (file:///opt/visual-studio-code/resources/app/out/vs/workbench/workbench.desktop.main.js:107:468)
    at HTMLDivElement.s (file:///opt/visual-studio-code/resources/app/out/vs/workbench/workbench.desktop.main.js:113:39)
