[2019-09-29 22:23:18.760] [sharedprocess] [info] main {"machineId":"adcb721815bf62663d04e9ec563b14a4c951b2f783e50eba22b72a8fe42416e5"}
[2019-09-29 22:23:58.747] [sharedprocess] [info] Starting to clean up unused language packs.
[2019-09-29 23:11:19.155] [sharedprocess] [info] Installing extension: ms-python.python
[2019-09-29 23:11:23.289] [sharedprocess] [info] Downloaded extension: ms-python.python /tmp/017498a2-392a-4074-8726-0fed36813f0f
[2019-09-29 23:11:25.092] [sharedprocess] [info] Extracted extension to /home/alex/.vscode/extensions/.ms-python.python-2019.9.34911: ms-python.python
[2019-09-29 23:11:25.092] [sharedprocess] [info] Renamed to /home/alex/.vscode/extensions/ms-python.python-2019.9.34911
[2019-09-29 23:11:25.096] [sharedprocess] [info] Installation completed. ms-python.python
[2019-09-29 23:11:25.127] [sharedprocess] [info] Extensions installed successfully: ms-python.python
[2019-09-29 23:35:36.090] [sharedprocess] [info] Installing extension: akamud.vscode-theme-onedark
[2019-09-29 23:35:37.047] [sharedprocess] [info] Downloaded extension: akamud.vscode-theme-onedark /tmp/1d8e47d6-156f-4926-a406-ce9e2d8cb645
[2019-09-29 23:35:37.078] [sharedprocess] [info] Extracted extension to /home/alex/.vscode/extensions/.akamud.vscode-theme-onedark-2.1.0: akamud.vscode-theme-onedark
[2019-09-29 23:35:37.078] [sharedprocess] [info] Renamed to /home/alex/.vscode/extensions/akamud.vscode-theme-onedark-2.1.0
[2019-09-29 23:35:37.079] [sharedprocess] [info] Installation completed. akamud.vscode-theme-onedark
[2019-09-29 23:35:37.114] [sharedprocess] [info] Extensions installed successfully: akamud.vscode-theme-onedark
[2019-09-29 23:54:38.349] [sharedprocess] [info] Installing extension: vscode-icons-team.vscode-icons
[2019-09-29 23:54:45.385] [sharedprocess] [info] Downloaded extension: vscode-icons-team.vscode-icons /tmp/20cb72e7-5470-4478-8fd2-970f9a0dbf51
[2019-09-29 23:54:46.354] [sharedprocess] [info] Extracted extension to /home/alex/.vscode/extensions/.vscode-icons-team.vscode-icons-9.4.0: vscode-icons-team.vscode-icons
[2019-09-29 23:54:46.355] [sharedprocess] [info] Renamed to /home/alex/.vscode/extensions/vscode-icons-team.vscode-icons-9.4.0
[2019-09-29 23:54:46.356] [sharedprocess] [info] Installation completed. vscode-icons-team.vscode-icons
[2019-09-29 23:54:46.457] [sharedprocess] [info] Extensions installed successfully: vscode-icons-team.vscode-icons
[2019-09-30 00:01:41.467] [sharedprocess] [info] Installing extension: alefragnani.project-manager
[2019-09-30 00:01:42.477] [sharedprocess] [info] Downloaded extension: alefragnani.project-manager /tmp/a9e50a40-c05a-4e4c-b448-a974b2523afd
[2019-09-30 00:01:42.578] [sharedprocess] [info] Extracted extension to /home/alex/.vscode/extensions/.alefragnani.project-manager-10.8.0: alefragnani.project-manager
[2019-09-30 00:01:42.578] [sharedprocess] [info] Renamed to /home/alex/.vscode/extensions/alefragnani.project-manager-10.8.0
[2019-09-30 00:01:42.579] [sharedprocess] [info] Installation completed. alefragnani.project-manager
[2019-09-30 00:01:42.607] [sharedprocess] [info] Extensions installed successfully: alefragnani.project-manager
[2019-09-30 00:12:15.432] [sharedprocess] [info] Installing extension: hookyqr.beautify
[2019-09-30 00:12:16.369] [sharedprocess] [info] Downloaded extension: hookyqr.beautify /tmp/53c10250-e522-492d-bf76-41c78e3bb8f2
[2019-09-30 00:12:16.746] [sharedprocess] [info] Extracted extension to /home/alex/.vscode/extensions/.hookyqr.beautify-1.5.0: hookyqr.beautify
[2019-09-30 00:12:16.746] [sharedprocess] [info] Renamed to /home/alex/.vscode/extensions/hookyqr.beautify-1.5.0
[2019-09-30 00:12:16.747] [sharedprocess] [info] Installation completed. hookyqr.beautify
[2019-09-30 00:12:16.753] [sharedprocess] [info] Extensions installed successfully: hookyqr.beautify
[2019-09-30 00:15:00.110] [sharedprocess] [info] Installing extension: formulahendry.code-runner
[2019-09-30 00:15:01.009] [sharedprocess] [info] Downloaded extension: formulahendry.code-runner /tmp/22b9c70f-105e-4eea-9e38-d40a063b7db3
[2019-09-30 00:15:01.135] [sharedprocess] [info] Extracted extension to /home/alex/.vscode/extensions/.formulahendry.code-runner-0.9.14: formulahendry.code-runner
[2019-09-30 00:15:01.135] [sharedprocess] [info] Renamed to /home/alex/.vscode/extensions/formulahendry.code-runner-0.9.14
[2019-09-30 00:15:01.136] [sharedprocess] [info] Installation completed. formulahendry.code-runner
[2019-09-30 00:15:01.169] [sharedprocess] [info] Extensions installed successfully: formulahendry.code-runner
